<?xml version="1.0" encoding="UTF-8"?>
<testsuite name="ru.stqa.pft.addressbook.tests.HbConnectionTest" tests="1" skipped="0" failures="1" errors="0" timestamp="2021-02-04T12:16:46" hostname="MacBook-Air.local" time="0.659">
  <properties/>
  <testcase name="testHbConnection" classname="ru.stqa.pft.addressbook.tests.HbConnectionTest" time="0.659">
    <failure message="java.util.UnknownFormatConversionException: Conversion = 'i'" type="java.util.UnknownFormatConversionException">java.util.UnknownFormatConversionException: Conversion = 'i'
	at java.base/java.util.Formatter$FormatSpecifier.conversion(Formatter.java:2839)
	at java.base/java.util.Formatter$FormatSpecifier.&lt;init&gt;(Formatter.java:2865)
	at java.base/java.util.Formatter.parse(Formatter.java:2713)
	at java.base/java.util.Formatter.format(Formatter.java:2655)
	at java.base/java.util.Formatter.format(Formatter.java:2609)
	at java.base/java.lang.String.format(String.java:3292)
	at org.jboss.logging.Slf4jLocationAwareLogger.doLogf(Slf4jLocationAwareLogger.java:81)
	at org.jboss.logging.Logger.debugf(Logger.java:822)
	at org.hibernate.sql.results.internal.StandardRowReader.readRow(StandardRowReader.java:91)
	at org.hibernate.sql.results.spi.ListResultsConsumer.consume(ListResultsConsumer.java:66)
	at org.hibernate.sql.results.spi.ListResultsConsumer.consume(ListResultsConsumer.java:24)
	at org.hibernate.sql.exec.internal.JdbcSelectExecutorStandardImpl.doExecuteQuery(JdbcSelectExecutorStandardImpl.java:221)
	at org.hibernate.sql.exec.internal.JdbcSelectExecutorStandardImpl.executeQuery(JdbcSelectExecutorStandardImpl.java:140)
	at org.hibernate.sql.exec.internal.JdbcSelectExecutorStandardImpl.list(JdbcSelectExecutorStandardImpl.java:70)
	at org.hibernate.query.sqm.internal.ConcreteSqmSelectQueryPlan.performList(ConcreteSqmSelectQueryPlan.java:166)
	at org.hibernate.query.sqm.internal.QuerySqmImpl.doList(QuerySqmImpl.java:437)
	at org.hibernate.query.spi.AbstractQuery.list(AbstractQuery.java:1356)
	at ru.stqa.pft.addressbook.tests.HbConnectionTest.testHbConnection(HbConnectionTest.java:40)
	at java.base/jdk.internal.reflect.NativeMethodAccessorImpl.invoke0(Native Method)
	at java.base/jdk.internal.reflect.NativeMethodAccessorImpl.invoke(NativeMethodAccessorImpl.java:64)
	at java.base/jdk.internal.reflect.DelegatingMethodAccessorImpl.invoke(DelegatingMethodAccessorImpl.java:43)
	at java.base/java.lang.reflect.Method.invoke(Method.java:564)
	at org.testng.internal.MethodInvocationHelper.invokeMethod(MethodInvocationHelper.java:132)
	at org.testng.internal.TestInvoker.invokeMethod(TestInvoker.java:599)
	at org.testng.internal.TestInvoker.invokeTestMethod(TestInvoker.java:174)
	at org.testng.internal.MethodRunner.runInSequence(MethodRunner.java:46)
	at org.testng.internal.TestInvoker$MethodInvocationAgent.invoke(TestInvoker.java:822)
	at org.testng.internal.TestInvoker.invokeTestMethods(TestInvoker.java:147)
	at org.testng.internal.TestMethodWorker.invokeTestMethods(TestMethodWorker.java:146)
	at org.testng.internal.TestMethodWorker.run(TestMethodWorker.java:128)
	at java.base/java.util.ArrayList.forEach(ArrayList.java:1511)
	at org.testng.TestRunner.privateRun(TestRunner.java:764)
	at org.testng.TestRunner.run(TestRunner.java:585)
	at org.testng.SuiteRunner.runTest(SuiteRunner.java:384)
	at org.testng.SuiteRunner.runSequentially(SuiteRunner.java:378)
	at org.testng.SuiteRunner.privateRun(SuiteRunner.java:337)
	at org.testng.SuiteRunner.run(SuiteRunner.java:286)
	at org.testng.SuiteRunnerWorker.runSuite(SuiteRunnerWorker.java:53)
	at org.testng.SuiteRunnerWorker.run(SuiteRunnerWorker.java:96)
	at org.testng.TestNG.runSuitesSequentially(TestNG.java:1218)
	at org.testng.TestNG.runSuitesLocally(TestNG.java:1140)
	at org.testng.TestNG.runSuites(TestNG.java:1069)
	at org.testng.TestNG.run(TestNG.java:1037)
	at org.gradle.api.internal.tasks.testing.testng.TestNGTestClassProcessor.runTests(TestNGTestClassProcessor.java:141)
	at org.gradle.api.internal.tasks.testing.testng.TestNGTestClassProcessor.stop(TestNGTestClassProcessor.java:90)
	at org.gradle.api.internal.tasks.testing.SuiteTestClassProcessor.stop(SuiteTestClassProcessor.java:61)
	at java.base/jdk.internal.reflect.NativeMethodAccessorImpl.invoke0(Native Method)
	at java.base/jdk.internal.reflect.NativeMethodAccessorImpl.invoke(NativeMethodAccessorImpl.java:64)
	at java.base/jdk.internal.reflect.DelegatingMethodAccessorImpl.invoke(DelegatingMethodAccessorImpl.java:43)
	at java.base/java.lang.reflect.Method.invoke(Method.java:564)
	at org.gradle.internal.dispatch.ReflectionDispatch.dispatch(ReflectionDispatch.java:36)
	at org.gradle.internal.dispatch.ReflectionDispatch.dispatch(ReflectionDispatch.java:24)
	at org.gradle.internal.dispatch.ContextClassLoaderDispatch.dispatch(ContextClassLoaderDispatch.java:33)
	at org.gradle.internal.dispatch.ProxyDispatchAdapter$DispatchingInvocationHandler.invoke(ProxyDispatchAdapter.java:94)
	at com.sun.proxy.$Proxy2.stop(Unknown Source)
	at org.gradle.api.internal.tasks.testing.worker.TestWorker.stop(TestWorker.java:133)
	at java.base/jdk.internal.reflect.NativeMethodAccessorImpl.invoke0(Native Method)
	at java.base/jdk.internal.reflect.NativeMethodAccessorImpl.invoke(NativeMethodAccessorImpl.java:64)
	at java.base/jdk.internal.reflect.DelegatingMethodAccessorImpl.invoke(DelegatingMethodAccessorImpl.java:43)
	at java.base/java.lang.reflect.Method.invoke(Method.java:564)
	at org.gradle.internal.dispatch.ReflectionDispatch.dispatch(ReflectionDispatch.java:36)
	at org.gradle.internal.dispatch.ReflectionDispatch.dispatch(ReflectionDispatch.java:24)
	at org.gradle.internal.remote.internal.hub.MessageHubBackedObjectConnection$DispatchWrapper.dispatch(MessageHubBackedObjectConnection.java:182)
	at org.gradle.internal.remote.internal.hub.MessageHubBackedObjectConnection$DispatchWrapper.dispatch(MessageHubBackedObjectConnection.java:164)
	at org.gradle.internal.remote.internal.hub.MessageHub$Handler.run(MessageHub.java:414)
	at org.gradle.internal.concurrent.ExecutorPolicy$CatchAndRecordFailures.onExecute(ExecutorPolicy.java:64)
	at org.gradle.internal.concurrent.ManagedExecutorImpl$1.run(ManagedExecutorImpl.java:48)
	at java.base/java.util.concurrent.ThreadPoolExecutor.runWorker(ThreadPoolExecutor.java:1130)
	at java.base/java.util.concurrent.ThreadPoolExecutor$Worker.run(ThreadPoolExecutor.java:630)
	at org.gradle.internal.concurrent.ThreadFactoryImpl$ManagedThreadRunnable.run(ThreadFactoryImpl.java:56)
	at java.base/java.lang.Thread.run(Thread.java:832)
</failure>
  </testcase>
  <system-out><![CDATA[14:16:42.343 [Test worker] DEBUG org.jboss.logging - Logging Provider: org.jboss.logging.Slf4jLoggerProvider
14:16:42.389 [Test worker] DEBUG org.hibernate.integrator.internal.IntegratorServiceImpl - Adding Integrator [org.hibernate.cfg.beanvalidation.BeanValidationIntegrator].
14:16:42.395 [Test worker] DEBUG org.hibernate.integrator.internal.IntegratorServiceImpl - Adding Integrator [org.hibernate.secure.spi.JaccIntegrator].
14:16:42.410 [Test worker] DEBUG org.hibernate.integrator.internal.IntegratorServiceImpl - Adding Integrator [org.hibernate.cache.internal.CollectionCacheInvalidator].
14:16:42.464 [Test worker] INFO org.hibernate.Version - HHH000412: Hibernate ORM core version 6.0.0.Alpha6
14:16:42.469 [Test worker] DEBUG org.hibernate.cfg.Environment - HHH000206: hibernate.properties not found
14:16:43.043 [Test worker] DEBUG org.hibernate.boot.jaxb.internal.stax.LocalXmlResourceResolver - Interpreting public/system identifier : [-//Hibernate/Hibernate Configuration DTD 3.0//EN] - [http://www.hibernate.org/dtd/hibernate-configuration-3.0.dtd]
14:16:43.043 [Test worker] DEBUG org.hibernate.boot.jaxb.internal.stax.LocalXmlResourceResolver - Recognized hibernate-configuration identifier; attempting to resolve on classpath under org/hibernate/
14:16:43.054 [Test worker] DEBUG org.hibernate.boot.cfgxml.internal.JaxbCfgProcessor - cfg.xml document did not define namespaces; wrapping in custom event reader to introduce namespace information
14:16:43.681 [Test worker] DEBUG org.hibernate.service.spi.ServiceBinding - Overriding existing service binding [org.hibernate.secure.spi.JaccService]
14:16:43.721 [Test worker] DEBUG org.hibernate.cache.internal.RegionFactoryInitiator - Cannot default RegionFactory based on registered strategies as `[]` RegionFactory strategies were registered
14:16:43.723 [Test worker] DEBUG org.hibernate.cache.internal.RegionFactoryInitiator - Cache region factory : org.hibernate.cache.internal.NoCachingRegionFactory
14:16:43.772 [Test worker] INFO org.hibernate.annotations.common.Version - HCANN000001: Hibernate Commons Annotations {5.1.0.Final}
14:16:44.029 [Test worker] DEBUG org.hibernate.type.BasicTypeRegistry - Adding type registration boolean -> org.hibernate.type.BooleanType@51d77d17
14:16:44.030 [Test worker] DEBUG org.hibernate.type.BasicTypeRegistry - Adding type registration boolean -> org.hibernate.type.BooleanType@51d77d17
14:16:44.031 [Test worker] DEBUG org.hibernate.type.BasicTypeRegistry - Adding type registration java.lang.Boolean -> org.hibernate.type.BooleanType@51d77d17
14:16:44.032 [Test worker] DEBUG org.hibernate.type.BasicTypeRegistry - Adding type registration numeric_boolean -> org.hibernate.type.NumericBooleanType@4998f2ac
14:16:44.032 [Test worker] DEBUG org.hibernate.type.BasicTypeRegistry - Adding type registration true_false -> org.hibernate.type.TrueFalseType@55990c31
14:16:44.033 [Test worker] DEBUG org.hibernate.type.BasicTypeRegistry - Adding type registration yes_no -> org.hibernate.type.YesNoType@5b9a99bc
14:16:44.033 [Test worker] DEBUG org.hibernate.type.BasicTypeRegistry - Adding type registration byte -> org.hibernate.type.ByteType@69f4064c
14:16:44.034 [Test worker] DEBUG org.hibernate.type.BasicTypeRegistry - Adding type registration byte -> org.hibernate.type.ByteType@69f4064c
14:16:44.034 [Test worker] DEBUG org.hibernate.type.BasicTypeRegistry - Adding type registration java.lang.Byte -> org.hibernate.type.ByteType@69f4064c
14:16:44.035 [Test worker] DEBUG org.hibernate.type.BasicTypeRegistry - Adding type registration binary -> org.hibernate.type.BinaryType@79b7a8dc
14:16:44.035 [Test worker] DEBUG org.hibernate.type.BasicTypeRegistry - Adding type registration byte[] -> org.hibernate.type.BinaryType@79b7a8dc
14:16:44.036 [Test worker] DEBUG org.hibernate.type.BasicTypeRegistry - Adding type registration [B -> org.hibernate.type.BinaryType@79b7a8dc
14:16:44.037 [Test worker] DEBUG org.hibernate.type.BasicTypeRegistry - Adding type registration wrapper-binary -> org.hibernate.type.WrapperBinaryType@373e8dfd
14:16:44.038 [Test worker] DEBUG org.hibernate.type.BasicTypeRegistry - Adding type registration Byte[] -> org.hibernate.type.WrapperBinaryType@373e8dfd
14:16:44.038 [Test worker] DEBUG org.hibernate.type.BasicTypeRegistry - Adding type registration [Ljava.lang.Byte; -> org.hibernate.type.WrapperBinaryType@373e8dfd
14:16:44.038 [Test worker] DEBUG org.hibernate.type.BasicTypeRegistry - Adding type registration image -> org.hibernate.type.ImageType@2414e0c8
14:16:44.038 [Test worker] DEBUG org.hibernate.type.BasicTypeRegistry - Adding type registration blob -> org.hibernate.type.BlobType@7d91572a
14:16:44.039 [Test worker] DEBUG org.hibernate.type.BasicTypeRegistry - Adding type registration java.sql.Blob -> org.hibernate.type.BlobType@7d91572a
14:16:44.039 [Test worker] DEBUG org.hibernate.type.BasicTypeRegistry - Adding type registration materialized_blob -> org.hibernate.type.MaterializedBlobType@7e80faf0
14:16:44.039 [Test worker] DEBUG org.hibernate.type.BasicTypeRegistry - Adding type registration wrapped_materialized_blob -> org.hibernate.type.WrappedMaterializedBlobType@224102d7
14:16:44.040 [Test worker] DEBUG org.hibernate.type.BasicTypeRegistry - Adding type registration short -> org.hibernate.type.ShortType@7829654d
14:16:44.040 [Test worker] DEBUG org.hibernate.type.BasicTypeRegistry - Adding type registration short -> org.hibernate.type.ShortType@7829654d
14:16:44.041 [Test worker] DEBUG org.hibernate.type.BasicTypeRegistry - Adding type registration java.lang.Short -> org.hibernate.type.ShortType@7829654d
14:16:44.041 [Test worker] DEBUG org.hibernate.type.BasicTypeRegistry - Adding type registration integer -> org.hibernate.type.IntegerType@4827b436
14:16:44.042 [Test worker] DEBUG org.hibernate.type.BasicTypeRegistry - Adding type registration int -> org.hibernate.type.IntegerType@4827b436
14:16:44.042 [Test worker] DEBUG org.hibernate.type.BasicTypeRegistry - Adding type registration java.lang.Integer -> org.hibernate.type.IntegerType@4827b436
14:16:44.043 [Test worker] DEBUG org.hibernate.type.BasicTypeRegistry - Adding type registration long -> org.hibernate.type.LongType@7b9f0e93
14:16:44.043 [Test worker] DEBUG org.hibernate.type.BasicTypeRegistry - Adding type registration long -> org.hibernate.type.LongType@7b9f0e93
14:16:44.043 [Test worker] DEBUG org.hibernate.type.BasicTypeRegistry - Adding type registration java.lang.Long -> org.hibernate.type.LongType@7b9f0e93
14:16:44.044 [Test worker] DEBUG org.hibernate.type.BasicTypeRegistry - Adding type registration float -> org.hibernate.type.FloatType@3d2345fc
14:16:44.044 [Test worker] DEBUG org.hibernate.type.BasicTypeRegistry - Adding type registration float -> org.hibernate.type.FloatType@3d2345fc
14:16:44.045 [Test worker] DEBUG org.hibernate.type.BasicTypeRegistry - Adding type registration java.lang.Float -> org.hibernate.type.FloatType@3d2345fc
14:16:44.047 [Test worker] DEBUG org.hibernate.type.BasicTypeRegistry - Adding type registration double -> org.hibernate.type.DoubleType@54d3c955
14:16:44.048 [Test worker] DEBUG org.hibernate.type.BasicTypeRegistry - Adding type registration double -> org.hibernate.type.DoubleType@54d3c955
14:16:44.049 [Test worker] DEBUG org.hibernate.type.BasicTypeRegistry - Adding type registration java.lang.Double -> org.hibernate.type.DoubleType@54d3c955
14:16:44.050 [Test worker] DEBUG org.hibernate.type.BasicTypeRegistry - Adding type registration big_integer -> org.hibernate.type.BigIntegerType@b087a2e
14:16:44.051 [Test worker] DEBUG org.hibernate.type.BasicTypeRegistry - Adding type registration java.math.BigInteger -> org.hibernate.type.BigIntegerType@b087a2e
14:16:44.052 [Test worker] DEBUG org.hibernate.type.BasicTypeRegistry - Adding type registration big_decimal -> org.hibernate.type.BigDecimalType@27409739
14:16:44.052 [Test worker] DEBUG org.hibernate.type.BasicTypeRegistry - Adding type registration java.math.BigDecimal -> org.hibernate.type.BigDecimalType@27409739
14:16:44.053 [Test worker] DEBUG org.hibernate.type.BasicTypeRegistry - Adding type registration character -> org.hibernate.type.CharacterType@739af942
14:16:44.054 [Test worker] DEBUG org.hibernate.type.BasicTypeRegistry - Adding type registration char -> org.hibernate.type.CharacterType@739af942
14:16:44.055 [Test worker] DEBUG org.hibernate.type.BasicTypeRegistry - Adding type registration java.lang.Character -> org.hibernate.type.CharacterType@739af942
14:16:44.055 [Test worker] DEBUG org.hibernate.type.BasicTypeRegistry - Adding type registration character_nchar -> org.hibernate.type.CharacterNCharType@4d1dc7bf
14:16:44.056 [Test worker] DEBUG org.hibernate.type.BasicTypeRegistry - Adding type registration string -> org.hibernate.type.StringType@5e9ac6ce
14:16:44.056 [Test worker] DEBUG org.hibernate.type.BasicTypeRegistry - Adding type registration java.lang.String -> org.hibernate.type.StringType@5e9ac6ce
14:16:44.056 [Test worker] DEBUG org.hibernate.type.BasicTypeRegistry - Adding type registration nstring -> org.hibernate.type.StringNVarcharType@330fcde8
14:16:44.057 [Test worker] DEBUG org.hibernate.type.BasicTypeRegistry - Adding type registration characters -> org.hibernate.type.CharArrayType@74aab482
14:16:44.057 [Test worker] DEBUG org.hibernate.type.BasicTypeRegistry - Adding type registration char[] -> org.hibernate.type.CharArrayType@74aab482
14:16:44.057 [Test worker] DEBUG org.hibernate.type.BasicTypeRegistry - Adding type registration [C -> org.hibernate.type.CharArrayType@74aab482
14:16:44.058 [Test worker] DEBUG org.hibernate.type.BasicTypeRegistry - Adding type registration wrapper-characters -> org.hibernate.type.CharacterArrayType@ab97837
14:16:44.058 [Test worker] DEBUG org.hibernate.type.BasicTypeRegistry - Adding type registration [Ljava.lang.Character; -> org.hibernate.type.CharacterArrayType@ab97837
14:16:44.059 [Test worker] DEBUG org.hibernate.type.BasicTypeRegistry - Adding type registration Character[] -> org.hibernate.type.CharacterArrayType@ab97837
14:16:44.061 [Test worker] DEBUG org.hibernate.type.BasicTypeRegistry - Adding type registration text -> org.hibernate.type.TextType@229aafb2
14:16:44.063 [Test worker] DEBUG org.hibernate.type.BasicTypeRegistry - Adding type registration ntext -> org.hibernate.type.NTextType@b9ef8b
14:16:44.064 [Test worker] DEBUG org.hibernate.type.BasicTypeRegistry - Adding type registration clob -> org.hibernate.type.ClobType@1f21f3e7
14:16:44.064 [Test worker] DEBUG org.hibernate.type.BasicTypeRegistry - Adding type registration java.sql.Clob -> org.hibernate.type.ClobType@1f21f3e7
14:16:44.065 [Test worker] DEBUG org.hibernate.type.BasicTypeRegistry - Adding type registration nclob -> org.hibernate.type.NClobType@21a55de2
14:16:44.066 [Test worker] DEBUG org.hibernate.type.BasicTypeRegistry - Adding type registration java.sql.NClob -> org.hibernate.type.NClobType@21a55de2
14:16:44.066 [Test worker] DEBUG org.hibernate.type.BasicTypeRegistry - Adding type registration materialized_clob -> org.hibernate.type.MaterializedClobType@318b3cfa
14:16:44.066 [Test worker] DEBUG org.hibernate.type.BasicTypeRegistry - Adding type registration materialized_clob_char_array -> org.hibernate.type.internal.StandardBasicTypeImpl@40f339b7
14:16:44.067 [Test worker] DEBUG org.hibernate.type.BasicTypeRegistry - Adding type registration materialized_clob_character_array -> org.hibernate.type.internal.StandardBasicTypeImpl@4b322606
14:16:44.068 [Test worker] DEBUG org.hibernate.type.BasicTypeRegistry - Adding type registration materialized_nclob -> org.hibernate.type.MaterializedNClobType@2336af76
14:16:44.068 [Test worker] DEBUG org.hibernate.type.BasicTypeRegistry - Adding type registration materialized_nclob_character_array -> org.hibernate.type.internal.StandardBasicTypeImpl@2c6ee983
14:16:44.068 [Test worker] DEBUG org.hibernate.type.BasicTypeRegistry - Adding type registration materialized_nclob_char_array -> org.hibernate.type.internal.StandardBasicTypeImpl@76b6f81e
14:16:44.068 [Test worker] DEBUG org.hibernate.type.BasicTypeRegistry - Adding type registration Duration -> org.hibernate.type.DurationType@5f9b8940
14:16:44.069 [Test worker] DEBUG org.hibernate.type.BasicTypeRegistry - Adding type registration java.time.Duration -> org.hibernate.type.DurationType@5f9b8940
14:16:44.069 [Test worker] DEBUG org.hibernate.type.BasicTypeRegistry - Adding type registration LocalDateTime -> org.hibernate.type.LocalDateTimeType@481053ec
14:16:44.069 [Test worker] DEBUG org.hibernate.type.BasicTypeRegistry - Adding type registration java.time.LocalDateTime -> org.hibernate.type.LocalDateTimeType@481053ec
14:16:44.069 [Test worker] DEBUG org.hibernate.type.BasicTypeRegistry - Adding type registration LocalDate -> org.hibernate.type.LocalDateType@317bed4c
14:16:44.070 [Test worker] DEBUG org.hibernate.type.BasicTypeRegistry - Adding type registration java.time.LocalDate -> org.hibernate.type.LocalDateType@317bed4c
14:16:44.070 [Test worker] DEBUG org.hibernate.type.BasicTypeRegistry - Adding type registration LocalTime -> org.hibernate.type.LocalTimeType@3ce4fd91
14:16:44.070 [Test worker] DEBUG org.hibernate.type.BasicTypeRegistry - Adding type registration java.time.LocalTime -> org.hibernate.type.LocalTimeType@3ce4fd91
14:16:44.071 [Test worker] DEBUG org.hibernate.type.BasicTypeRegistry - Adding type registration OffsetDateTime -> org.hibernate.type.OffsetDateTimeType@4ab8fa21
14:16:44.071 [Test worker] DEBUG org.hibernate.type.BasicTypeRegistry - Adding type registration java.time.OffsetDateTime -> org.hibernate.type.OffsetDateTimeType@4ab8fa21
14:16:44.071 [Test worker] DEBUG org.hibernate.type.BasicTypeRegistry - Adding type registration OffsetTime -> org.hibernate.type.OffsetTimeType@588faf6d
14:16:44.071 [Test worker] DEBUG org.hibernate.type.BasicTypeRegistry - Adding type registration java.time.OffsetTime -> org.hibernate.type.OffsetTimeType@588faf6d
14:16:44.072 [Test worker] DEBUG org.hibernate.type.BasicTypeRegistry - Adding type registration ZonedDateTime -> org.hibernate.type.ZonedDateTimeType@4ef8362
14:16:44.072 [Test worker] DEBUG org.hibernate.type.BasicTypeRegistry - Adding type registration java.time.ZonedDateTime -> org.hibernate.type.ZonedDateTimeType@4ef8362
14:16:44.075 [Test worker] DEBUG org.hibernate.type.BasicTypeRegistry - Adding type registration date -> org.hibernate.type.DateType@2cec70fe
14:16:44.075 [Test worker] DEBUG org.hibernate.type.BasicTypeRegistry - Adding type registration java.sql.Date -> org.hibernate.type.DateType@2cec70fe
14:16:44.076 [Test worker] DEBUG org.hibernate.type.BasicTypeRegistry - Adding type registration time -> org.hibernate.type.TimeType@5764334
14:16:44.076 [Test worker] DEBUG org.hibernate.type.BasicTypeRegistry - Adding type registration java.sql.Time -> org.hibernate.type.TimeType@5764334
14:16:44.076 [Test worker] DEBUG org.hibernate.type.BasicTypeRegistry - Adding type registration timestamp -> org.hibernate.type.TimestampType@291fc08a
14:16:44.077 [Test worker] DEBUG org.hibernate.type.BasicTypeRegistry - Adding type registration java.sql.Timestamp -> org.hibernate.type.TimestampType@291fc08a
14:16:44.077 [Test worker] DEBUG org.hibernate.type.BasicTypeRegistry - Adding type registration java.util.Date -> org.hibernate.type.TimestampType@291fc08a
14:16:44.078 [Test worker] DEBUG org.hibernate.type.BasicTypeRegistry - Adding type registration calendar -> org.hibernate.type.CalendarType@324a83cd
14:16:44.078 [Test worker] DEBUG org.hibernate.type.BasicTypeRegistry - Adding type registration java.util.Calendar -> org.hibernate.type.CalendarType@324a83cd
14:16:44.079 [Test worker] DEBUG org.hibernate.type.BasicTypeRegistry - Adding type registration java.util.GregorianCalendar -> org.hibernate.type.CalendarType@324a83cd
14:16:44.079 [Test worker] DEBUG org.hibernate.type.BasicTypeRegistry - Adding type registration calendar_date -> org.hibernate.type.CalendarDateType@5a3ba22c
14:16:44.080 [Test worker] DEBUG org.hibernate.type.BasicTypeRegistry - Adding type registration calendar_date -> org.hibernate.type.CalendarTimeType@29732f52
14:16:44.081 [Test worker] DEBUG org.hibernate.type.BasicTypeRegistry - Type registration key [calendar_date] overrode previous entry : `org.hibernate.type.CalendarDateType@5a3ba22c`
14:16:44.081 [Test worker] DEBUG org.hibernate.type.BasicTypeRegistry - Adding type registration instant -> org.hibernate.type.InstantType@1ad98a4c
14:16:44.082 [Test worker] DEBUG org.hibernate.type.BasicTypeRegistry - Adding type registration java.time.Instant -> org.hibernate.type.InstantType@1ad98a4c
14:16:44.083 [Test worker] DEBUG org.hibernate.type.BasicTypeRegistry - Adding type registration uuid-binary -> org.hibernate.type.UUIDBinaryType@576ca085
14:16:44.083 [Test worker] DEBUG org.hibernate.type.BasicTypeRegistry - Adding type registration java.util.UUID -> org.hibernate.type.UUIDBinaryType@576ca085
14:16:44.083 [Test worker] DEBUG org.hibernate.type.BasicTypeRegistry - Adding type registration uuid-char -> org.hibernate.type.UUIDCharType@1b1cbce
14:16:44.084 [Test worker] DEBUG org.hibernate.type.BasicTypeRegistry - Adding type registration class -> org.hibernate.type.ClassType@7c9bc507
14:16:44.085 [Test worker] DEBUG org.hibernate.type.BasicTypeRegistry - Adding type registration java.lang.Class -> org.hibernate.type.ClassType@7c9bc507
14:16:44.086 [Test worker] DEBUG org.hibernate.type.BasicTypeRegistry - Adding type registration currency -> org.hibernate.type.CurrencyType@41a17734
14:16:44.086 [Test worker] DEBUG org.hibernate.type.BasicTypeRegistry - Adding type registration Currency -> org.hibernate.type.CurrencyType@41a17734
14:16:44.087 [Test worker] DEBUG org.hibernate.type.BasicTypeRegistry - Adding type registration java.util.Currency -> org.hibernate.type.CurrencyType@41a17734
14:16:44.087 [Test worker] DEBUG org.hibernate.type.BasicTypeRegistry - Adding type registration locale -> org.hibernate.type.LocaleType@7af11467
14:16:44.087 [Test worker] DEBUG org.hibernate.type.BasicTypeRegistry - Adding type registration java.util.Locale -> org.hibernate.type.LocaleType@7af11467
14:16:44.088 [Test worker] DEBUG org.hibernate.type.BasicTypeRegistry - Adding type registration serializable -> org.hibernate.type.SerializableType@77712415
14:16:44.088 [Test worker] DEBUG org.hibernate.type.BasicTypeRegistry - Adding type registration java.io.Serializable -> org.hibernate.type.SerializableType@77712415
14:16:44.089 [Test worker] DEBUG org.hibernate.type.BasicTypeRegistry - Adding type registration timezone -> org.hibernate.type.TimeZoneType@5fe7e450
14:16:44.089 [Test worker] DEBUG org.hibernate.type.BasicTypeRegistry - Adding type registration java.util.TimeZone -> org.hibernate.type.TimeZoneType@5fe7e450
14:16:44.090 [Test worker] DEBUG org.hibernate.type.BasicTypeRegistry - Adding type registration ZoneOffset -> org.hibernate.type.ZoneOffsetType@32b00ab
14:16:44.090 [Test worker] DEBUG org.hibernate.type.BasicTypeRegistry - Adding type registration java.time.ZoneOffset -> org.hibernate.type.ZoneOffsetType@32b00ab
14:16:44.091 [Test worker] DEBUG org.hibernate.type.BasicTypeRegistry - Adding type registration url -> org.hibernate.type.UrlType@72259e8e
14:16:44.091 [Test worker] DEBUG org.hibernate.type.BasicTypeRegistry - Adding type registration java.net.URL -> org.hibernate.type.UrlType@72259e8e
14:16:44.092 [Test worker] DEBUG org.hibernate.type.BasicTypeRegistry - Adding type registration row_version -> org.hibernate.type.RowVersionType@721bb144
14:16:44.102 [Test worker] DEBUG org.hibernate.type.BasicTypeRegistry - Skipping registration of BasicType (TIMESTAMP + TemporalJavaTypeDescriptor(javaType=java.util.Date)); still priming.  existing = org.hibernate.type.TimestampType@291fc08a
14:16:44.102 [Test worker] DEBUG org.hibernate.type.BasicTypeRegistry - Adding type registration dbtimestamp -> org.hibernate.type.DbTimestampType@68c12070
14:16:44.161 [Test worker] DEBUG org.hibernate.id.factory.internal.DefaultIdentifierGeneratorFactory - Registering IdentifierGenerator strategy [uuid2] -> [org.hibernate.id.UUIDGenerator]
14:16:44.163 [Test worker] DEBUG org.hibernate.id.factory.internal.DefaultIdentifierGeneratorFactory - Registering IdentifierGenerator strategy [guid] -> [org.hibernate.id.GUIDGenerator]
14:16:44.166 [Test worker] DEBUG org.hibernate.id.factory.internal.DefaultIdentifierGeneratorFactory - Registering IdentifierGenerator strategy [uuid] -> [org.hibernate.id.UUIDHexGenerator]
14:16:44.167 [Test worker] DEBUG org.hibernate.id.factory.internal.DefaultIdentifierGeneratorFactory - Registering IdentifierGenerator strategy [uuid.hex] -> [org.hibernate.id.UUIDHexGenerator]
14:16:44.168 [Test worker] DEBUG org.hibernate.id.factory.internal.DefaultIdentifierGeneratorFactory - Registering IdentifierGenerator strategy [assigned] -> [org.hibernate.id.Assigned]
14:16:44.170 [Test worker] DEBUG org.hibernate.id.factory.internal.DefaultIdentifierGeneratorFactory - Registering IdentifierGenerator strategy [identity] -> [org.hibernate.id.IdentityGenerator]
14:16:44.172 [Test worker] DEBUG org.hibernate.id.factory.internal.DefaultIdentifierGeneratorFactory - Registering IdentifierGenerator strategy [select] -> [org.hibernate.id.SelectGenerator]
14:16:44.178 [Test worker] DEBUG org.hibernate.id.factory.internal.DefaultIdentifierGeneratorFactory - Registering IdentifierGenerator strategy [sequence] -> [org.hibernate.id.enhanced.SequenceStyleGenerator]
14:16:44.180 [Test worker] DEBUG org.hibernate.id.factory.internal.DefaultIdentifierGeneratorFactory - Registering IdentifierGenerator strategy [seqhilo] -> [org.hibernate.id.SequenceHiLoGenerator]
14:16:44.182 [Test worker] DEBUG org.hibernate.id.factory.internal.DefaultIdentifierGeneratorFactory - Registering IdentifierGenerator strategy [increment] -> [org.hibernate.id.IncrementGenerator]
14:16:44.184 [Test worker] DEBUG org.hibernate.id.factory.internal.DefaultIdentifierGeneratorFactory - Registering IdentifierGenerator strategy [foreign] -> [org.hibernate.id.ForeignGenerator]
14:16:44.185 [Test worker] DEBUG org.hibernate.id.factory.internal.DefaultIdentifierGeneratorFactory - Registering IdentifierGenerator strategy [sequence-identity] -> [org.hibernate.id.SequenceIdentityGenerator]
14:16:44.186 [Test worker] DEBUG org.hibernate.id.factory.internal.DefaultIdentifierGeneratorFactory - Registering IdentifierGenerator strategy [enhanced-sequence] -> [org.hibernate.id.enhanced.SequenceStyleGenerator]
14:16:44.188 [Test worker] DEBUG org.hibernate.id.factory.internal.DefaultIdentifierGeneratorFactory - Registering IdentifierGenerator strategy [enhanced-table] -> [org.hibernate.id.enhanced.TableGenerator]
14:16:44.199 [Test worker] WARN org.hibernate.orm.connections.pooling - HHH10001002: Using built-in connection pool (not intended for production use)
14:16:44.207 [Test worker] INFO org.hibernate.orm.connections.pooling - HHH10001005: Loaded JDBC driver class: com.mysql.cj.jdbc.Driver
14:16:44.207 [Test worker] INFO org.hibernate.orm.connections.pooling - HHH10001012: Connecting with JDBC URL [jdbc:mysql://localhost/addressbook]
14:16:44.208 [Test worker] INFO org.hibernate.orm.connections.pooling - HHH10001001: Connection properties: {password=, user=root}
14:16:44.208 [Test worker] INFO org.hibernate.orm.connections.pooling - HHH10001003: Autocommit mode: false
14:16:44.212 [Test worker] DEBUG org.hibernate.orm.connections.pooling - Initializing Connection pool with 1 Connections
14:16:44.212 [Test worker] INFO org.hibernate.orm.connections.pooling - HHH10001115: Connection pool size: 1 (min=1)
14:16:44.476 [Test worker] DEBUG org.hibernate.engine.jdbc.env.internal.JdbcEnvironmentInitiator - Database ->
       name : MySQL
    version : 5.5.5-10.1.38-MariaDB
      major : 5
      minor : 5
14:16:44.477 [Test worker] DEBUG org.hibernate.engine.jdbc.env.internal.JdbcEnvironmentInitiator - Driver ->
       name : MySQL Connector/J
    version : mysql-connector-java-8.0.23 (Revision: 18bbd5e68195d0da083cbd5bd0d05d76320df7cd)
      major : 8
      minor : 0
14:16:44.478 [Test worker] DEBUG org.hibernate.engine.jdbc.env.internal.JdbcEnvironmentInitiator - JDBC version : 4.2
14:16:44.527 [Test worker] INFO SQL dialect - HHH000400: Using dialect: org.hibernate.dialect.MySQLDialect
14:16:44.553 [Test worker] DEBUG org.hibernate.engine.jdbc.env.spi.IdentifierHelperBuilder - JDBC driver metadata reported database stores quoted identifiers in more than one case
14:16:44.562 [Test worker] DEBUG org.hibernate.engine.jdbc.env.spi.IdentifierHelperBuilder - IdentifierCaseStrategy for both quoted and unquoted identifiers was set to the same strategy [MIXED]; that will likely lead to problems in schema update and validation if using quoted identifiers
14:16:44.644 [Test worker] DEBUG org.hibernate.boot.model.relational.Namespace - Created database namespace [logicalName=Name{catalog=null, schema=null}, physicalName=Name{catalog=null, schema=null}]
14:16:44.651 [Test worker] DEBUG org.hibernate.type.spi.TypeConfiguration$Scope - Scoping TypeConfiguration [org.hibernate.type.spi.TypeConfiguration@43f77bbd] to MetadataBuildingContext [org.hibernate.boot.internal.MetadataBuildingContextRootImpl@7a0ef00d]
14:16:44.787 [Test worker] DEBUG org.hibernate.cfg.AnnotationBinder - Binding entity from annotated class: ru.stqa.pft.addressbook.model.GroupData
14:16:44.844 [Test worker] DEBUG org.hibernate.cfg.Ejb3Column - Binding column: Ejb3DiscriminatorColumn{logicalColumnName'DTYPE', discriminatorTypeName='string'}
14:16:44.856 [Test worker] DEBUG org.hibernate.cfg.annotations.EntityBinder - Import with entity name GroupData
14:16:44.864 [Test worker] DEBUG org.hibernate.cfg.annotations.EntityBinder - Bind entity ru.stqa.pft.addressbook.model.GroupData on table group_list
14:16:44.910 [Test worker] DEBUG org.hibernate.cfg.Ejb3Column - Binding column: Ejb3Column{table=org.hibernate.mapping.Table(group_list), mappingColumn=group_id, insertable=true, updatable=true, unique=false}
14:16:44.917 [Test worker] DEBUG org.hibernate.cfg.annotations.PropertyBinder - MetadataSourceProcessor property id with lazy=false
14:16:44.921 [Test worker] DEBUG org.hibernate.cfg.AbstractPropertyHolder - Attempting to locate auto-apply AttributeConverter for property [ru.stqa.pft.addressbook.model.GroupData:id]
14:16:44.926 [Test worker] DEBUG org.hibernate.cfg.annotations.BasicValueBinder - building BasicValue for id
14:16:44.933 [Test worker] DEBUG org.hibernate.cfg.annotations.PropertyBinder - Building property id
14:16:44.942 [Test worker] DEBUG org.hibernate.cfg.BinderHelper - #makeIdGenerator(org.hibernate.mapping.BasicValue([org.hibernate.mapping.Column(group_id)]), id, assigned, , ...)
14:16:44.943 [Test worker] DEBUG org.hibernate.cfg.Ejb3Column - Binding column: Ejb3Column{table=org.hibernate.mapping.Table(group_list), mappingColumn=group_footer, insertable=true, updatable=true, unique=false}
14:16:44.943 [Test worker] DEBUG org.hibernate.cfg.annotations.PropertyBinder - MetadataSourceProcessor property footer with lazy=false
14:16:44.944 [Test worker] DEBUG org.hibernate.cfg.AbstractPropertyHolder - Attempting to locate auto-apply AttributeConverter for property [ru.stqa.pft.addressbook.model.GroupData:footer]
14:16:44.944 [Test worker] DEBUG org.hibernate.cfg.annotations.BasicValueBinder - building BasicValue for footer
14:16:44.945 [Test worker] DEBUG org.hibernate.cfg.annotations.PropertyBinder - Building property footer
14:16:44.948 [Test worker] DEBUG org.hibernate.cfg.Ejb3Column - Binding column: Ejb3Column{table=org.hibernate.mapping.Table(group_list), mappingColumn=group_header, insertable=true, updatable=true, unique=false}
14:16:44.950 [Test worker] DEBUG org.hibernate.cfg.annotations.PropertyBinder - MetadataSourceProcessor property header with lazy=false
14:16:44.951 [Test worker] DEBUG org.hibernate.cfg.AbstractPropertyHolder - Attempting to locate auto-apply AttributeConverter for property [ru.stqa.pft.addressbook.model.GroupData:header]
14:16:44.952 [Test worker] DEBUG org.hibernate.cfg.annotations.BasicValueBinder - building BasicValue for header
14:16:44.952 [Test worker] DEBUG org.hibernate.cfg.annotations.PropertyBinder - Building property header
14:16:44.953 [Test worker] DEBUG org.hibernate.cfg.Ejb3Column - Binding column: Ejb3Column{table=org.hibernate.mapping.Table(group_list), mappingColumn=group_name, insertable=true, updatable=true, unique=false}
14:16:44.953 [Test worker] DEBUG org.hibernate.cfg.annotations.PropertyBinder - MetadataSourceProcessor property name with lazy=false
14:16:44.957 [Test worker] DEBUG org.hibernate.cfg.AbstractPropertyHolder - Attempting to locate auto-apply AttributeConverter for property [ru.stqa.pft.addressbook.model.GroupData:name]
14:16:44.958 [Test worker] DEBUG org.hibernate.cfg.annotations.BasicValueBinder - building BasicValue for name
14:16:44.958 [Test worker] DEBUG org.hibernate.cfg.annotations.PropertyBinder - Building property name
14:16:44.964 [Test worker] DEBUG org.hibernate.mapping.PrimaryKey - Forcing column [group_id] to be non-null as it is part of the primary key for table [group_list]
14:16:44.964 [Test worker] DEBUG org.hibernate.cfg.annotations.BasicValueBinder - Starting `BasicValueBinder#fillSimpleValue` for id
14:16:44.965 [Test worker] DEBUG org.hibernate.cfg.annotations.BasicValueBinder - Starting `BasicValueBinder#fillSimpleValue` for footer
14:16:44.965 [Test worker] DEBUG org.hibernate.cfg.annotations.BasicValueBinder - Starting `BasicValueBinder#fillSimpleValue` for header
14:16:44.965 [Test worker] DEBUG org.hibernate.cfg.annotations.BasicValueBinder - Starting `BasicValueBinder#fillSimpleValue` for name
14:16:45.050 [Test worker] DEBUG org.hibernate.internal.SessionFactoryImpl - Building session factory
14:16:45.051 [Test worker] DEBUG org.hibernate.cfg.Settings - SessionFactory name : null
14:16:45.052 [Test worker] DEBUG org.hibernate.cfg.Settings - Automatic flush during beforeCompletion(): enabled
14:16:45.052 [Test worker] DEBUG org.hibernate.cfg.Settings - Automatic session close at end of transaction: disabled
14:16:45.053 [Test worker] DEBUG org.hibernate.cfg.Settings - Statistics: disabled
14:16:45.053 [Test worker] DEBUG org.hibernate.cfg.Settings - Deleted entity synthetic identifier rollback: disabled
14:16:45.053 [Test worker] DEBUG org.hibernate.cfg.Settings - Default entity-mode: pojo
14:16:45.054 [Test worker] DEBUG org.hibernate.cfg.Settings - Check Nullability in Core (should be disabled when Bean Validation is on): enabled
14:16:45.054 [Test worker] DEBUG org.hibernate.cfg.Settings - Allow initialization of lazy state outside session : disabled
14:16:45.054 [Test worker] DEBUG org.hibernate.cfg.Settings - Using BatchFetchStyle : LEGACY
14:16:45.054 [Test worker] DEBUG org.hibernate.cfg.Settings - Default batch fetch size: -1
14:16:45.054 [Test worker] DEBUG org.hibernate.cfg.Settings - Maximum outer join fetch depth: 2
14:16:45.055 [Test worker] DEBUG org.hibernate.cfg.Settings - Default null ordering: NONE
14:16:45.055 [Test worker] DEBUG org.hibernate.cfg.Settings - Order SQL updates by primary key: disabled
14:16:45.055 [Test worker] DEBUG org.hibernate.cfg.Settings - Order SQL inserts for batching: disabled
14:16:45.056 [Test worker] DEBUG org.hibernate.cfg.Settings - multi-tenancy strategy : NONE
14:16:45.056 [Test worker] DEBUG org.hibernate.cfg.Settings - JTA Track by Thread: enabled
14:16:45.056 [Test worker] DEBUG org.hibernate.cfg.Settings - Query language substitutions: {}
14:16:45.057 [Test worker] DEBUG org.hibernate.cfg.Settings - Named query checking : enabled
14:16:45.057 [Test worker] DEBUG org.hibernate.cfg.Settings - Second-level cache: disabled
14:16:45.057 [Test worker] DEBUG org.hibernate.cfg.Settings - Second-level query cache: disabled
14:16:45.058 [Test worker] DEBUG org.hibernate.cfg.Settings - Second-level query cache factory: null
14:16:45.058 [Test worker] DEBUG org.hibernate.cfg.Settings - Second-level cache region prefix: null
14:16:45.058 [Test worker] DEBUG org.hibernate.cfg.Settings - Optimize second-level cache for minimal puts: disabled
14:16:45.058 [Test worker] DEBUG org.hibernate.cfg.Settings - Structured second-level cache entries: disabled
14:16:45.059 [Test worker] DEBUG org.hibernate.cfg.Settings - Second-level cache direct-reference entries: disabled
14:16:45.059 [Test worker] DEBUG org.hibernate.cfg.Settings - Automatic eviction of collection cache: disabled
14:16:45.059 [Test worker] DEBUG org.hibernate.cfg.Settings - JDBC batch size: 15
14:16:45.059 [Test worker] DEBUG org.hibernate.cfg.Settings - JDBC batch updates for versioned data: enabled
14:16:45.060 [Test worker] DEBUG org.hibernate.cfg.Settings - Scrollable result sets: enabled
14:16:45.060 [Test worker] DEBUG org.hibernate.cfg.Settings - Wrap result sets: disabled
14:16:45.060 [Test worker] DEBUG org.hibernate.cfg.Settings - JDBC3 getGeneratedKeys(): enabled
14:16:45.061 [Test worker] DEBUG org.hibernate.cfg.Settings - JDBC result set fetch size: null
14:16:45.063 [Test worker] DEBUG org.hibernate.cfg.Settings - Connection release mode: AFTER_TRANSACTION
14:16:45.063 [Test worker] DEBUG org.hibernate.cfg.Settings - Generate SQL with comments: disabled
14:16:45.064 [Test worker] DEBUG org.hibernate.cfg.Settings - JPA compliance - query : disabled
14:16:45.064 [Test worker] DEBUG org.hibernate.cfg.Settings - JPA compliance - closed-handling : disabled
14:16:45.065 [Test worker] DEBUG org.hibernate.cfg.Settings - JPA compliance - lists : disabled
14:16:45.065 [Test worker] DEBUG org.hibernate.cfg.Settings - JPA compliance - transactions : disabled
14:16:45.186 [Test worker] DEBUG org.hibernate.service.internal.SessionFactoryServiceRegistryImpl - EventListenerRegistry access via ServiceRegistry is deprecated.  Use `sessionFactory.getEventEngine().getListenerRegistry()` instead
14:16:45.186 [Test worker] DEBUG org.hibernate.service.internal.SessionFactoryServiceRegistryImpl - EventListenerRegistry access via ServiceRegistry is deprecated.  Use `sessionFactory.getEventEngine().getListenerRegistry()` instead
14:16:45.196 [Test worker] DEBUG org.hibernate.internal.SessionFactoryImpl - Session factory constructed with filter configurations : {}
14:16:45.197 [Test worker] DEBUG org.hibernate.internal.SessionFactoryImpl - Instantiating session factory with properties: {dialect=org.hibernate.dialect.MySQLDialect, java.specification.version=15, sun.jnu.encoding=UTF-8, hibernate.dialect=org.hibernate.dialect.MySQLDialect, org.gradle.test.worker=22, java.class.path=/Users/MacAir/.gradle/caches/6.6.1/workerMain/gradle-worker.jar:/Users/MacAir/Desktop/n/java_test/addressbook-web-tests/build/classes/java/test:/Users/MacAir/Desktop/n/java_test/addressbook-web-tests/build/resources/test:/Users/MacAir/Desktop/n/java_test/addressbook-web-tests/build/classes/java/main:/Users/MacAir/Desktop/n/java_test/addressbook-web-tests/build/resources/main:/Users/MacAir/.gradle/caches/modules-2/files-2.1/org.testng/testng/7.3.0/a5069c3dfba58d23702f96c3d9f5081f5ce7136f/testng-7.3.0.jar:/Users/MacAir/.gradle/caches/modules-2/files-2.1/org.seleniumhq.selenium/selenium-java/4.0.0-alpha-6/ac67ee553c8336a4cf4d0b46cd05437ee90326ae/selenium-java-4.0.0-alpha-6.jar:/Users/MacAir/.gradle/caches/modules-2/files-2.1/org.hamcrest/hamcrest/2.2/1820c0968dba3a11a1b30669bb1f01978a91dedc/hamcrest-2.2.jar:/Users/MacAir/.gradle/caches/modules-2/files-2.1/com.beust/jcommander/1.78/a3927de9bd6f351429bcf763712c9890629d8f51/jcommander-1.78.jar:/Users/MacAir/.gradle/caches/modules-2/files-2.1/com.thoughtworks.xstream/xstream/1.4.15/1fe575549a9fb8b0024c011d6b9b6ebb0ba00066/xstream-1.4.15.jar:/Users/MacAir/.gradle/caches/modules-2/files-2.1/com.google.code.gson/gson/2.8.6/9180733b7df8542621dc12e21e87557e8c99b8cb/gson-2.8.6.jar:/Users/MacAir/.gradle/caches/modules-2/files-2.1/ch.qos.logback/logback-classic/1.3.0-alpha5/3195156aa3b62b2f4407a7841700f2759bebf192/logback-classic-1.3.0-alpha5.jar:/Users/MacAir/.gradle/caches/modules-2/files-2.1/mysql/mysql-connector-java/8.0.23/14d64ac509adccaff444513c12646d93e4ed8be8/mysql-connector-java-8.0.23.jar:/Users/MacAir/.gradle/caches/modules-2/files-2.1/org.apache.ant/ant/1.10.3/88becdeb77cdd2457757b7268e1a10666c03d382/ant-1.10.3.jar:/Users/MacAir/.gradle/caches/modules-2/files-2.1/junit/junit/4.12/2973d150c0dc1fefe998f834810d68f278ea58ec/junit-4.12.jar:/Users/MacAir/.gradle/caches/modules-2/files-2.1/com.google.inject/guice/4.2.2/fa13659f9128f4c011c8e1d06f137083b4876377/guice-4.2.2-no_aop.jar:/Users/MacAir/.gradle/caches/modules-2/files-2.1/org.yaml/snakeyaml/1.21/18775fdda48574784f40b47bf478ab0593f92e4d/snakeyaml-1.21.jar:/Users/MacAir/.gradle/caches/modules-2/files-2.1/org.seleniumhq.selenium/selenium-support/4.0.0-alpha-6/6b19d637a6a16267e6a08b525164eb21db198717/selenium-support-4.0.0-alpha-6.jar:/Users/MacAir/.gradle/caches/modules-2/files-2.1/org.seleniumhq.selenium/selenium-chrome-driver/4.0.0-alpha-6/49dafb6f52343a8e27a6231627925a7be2060782/selenium-chrome-driver-4.0.0-alpha-6.jar:/Users/MacAir/.gradle/caches/modules-2/files-2.1/org.seleniumhq.selenium/selenium-edge-driver/4.0.0-alpha-6/302f9ea0c973b53fed8364660b30df30caf26988/selenium-edge-driver-4.0.0-alpha-6.jar:/Users/MacAir/.gradle/caches/modules-2/files-2.1/org.seleniumhq.selenium/selenium-edgehtml-driver/4.0.0-alpha-6/d65b6fdc95fd94550047cfad535647681d973264/selenium-edgehtml-driver-4.0.0-alpha-6.jar:/Users/MacAir/.gradle/caches/modules-2/files-2.1/org.seleniumhq.selenium/selenium-firefox-xpi-driver/4.0.0-alpha-6/988657b2c456fafa19bc6b1d1b33b22fef934d0e/selenium-firefox-xpi-driver-4.0.0-alpha-6.jar:/Users/MacAir/.gradle/caches/modules-2/files-2.1/org.seleniumhq.selenium/selenium-ie-driver/4.0.0-alpha-6/2df353cecd9f3e658c028a39d9638246852e847f/selenium-ie-driver-4.0.0-alpha-6.jar:/Users/MacAir/.gradle/caches/modules-2/files-2.1/org.seleniumhq.selenium/selenium-opera-driver/4.0.0-alpha-6/4e205dbee81aeac0431d47a4025ca19161386be8/selenium-opera-driver-4.0.0-alpha-6.jar:/Users/MacAir/.gradle/caches/modules-2/files-2.1/org.seleniumhq.selenium/selenium-firefox-driver/4.0.0-alpha-6/6582b237b92209443acc6a780f4fbd1e7db159fc/selenium-firefox-driver-4.0.0-alpha-6.jar:/Users/MacAir/.gradle/caches/modules-2/files-2.1/org.seleniumhq.selenium/selenium-safari-driver/4.0.0-alpha-6/bc4f2e3a387a792f205d6f007c05ecf08e6fba59/selenium-safari-driver-4.0.0-alpha-6.jar:/Users/MacAir/.gradle/caches/modules-2/files-2.1/org.seleniumhq.selenium/selenium-chromium-driver/4.0.0-alpha-6/9052e4642bbdafd193147723720fbc3474328932/selenium-chromium-driver-4.0.0-alpha-6.jar:/Users/MacAir/.gradle/caches/modules-2/files-2.1/org.seleniumhq.selenium/selenium-devtools/4.0.0-alpha-6/7a5e377292e32261568a8c4db87324b0c4026cf5/selenium-devtools-4.0.0-alpha-6.jar:/Users/MacAir/.gradle/caches/modules-2/files-2.1/org.seleniumhq.selenium/selenium-remote-driver/4.0.0-alpha-6/39ee52c49a09c77b0e493ef748aafe051c4714e0/selenium-remote-driver-4.0.0-alpha-6.jar:/Users/MacAir/.gradle/caches/modules-2/files-2.1/org.seleniumhq.selenium/selenium-http/4.0.0-alpha-6/4a8c7db7b0de829c008d90277a56b34dcc9167b2/selenium-http-4.0.0-alpha-6.jar:/Users/MacAir/.gradle/caches/modules-2/files-2.1/org.seleniumhq.selenium/selenium-json/4.0.0-alpha-6/83139783aa0aa63b6fddc2beee8663ac1a4958c9/selenium-json-4.0.0-alpha-6.jar:/Users/MacAir/.gradle/caches/modules-2/files-2.1/org.seleniumhq.selenium/selenium-api/4.0.0-alpha-6/2b26a94552faeb9032f5b12670284a2481d0976/selenium-api-4.0.0-alpha-6.jar:/Users/MacAir/.gradle/caches/modules-2/files-2.1/xmlpull/xmlpull/1.1.3.1/2b8e230d2ab644e4ecaa94db7cdedbc40c805dfa/xmlpull-1.1.3.1.jar:/Users/MacAir/.gradle/caches/modules-2/files-2.1/xpp3/xpp3_min/1.1.4c/19d4e90b43059058f6e056f794f0ea4030d60b86/xpp3_min-1.1.4c.jar:/Users/MacAir/.gradle/caches/modules-2/files-2.1/ch.qos.logback/logback-core/1.3.0-alpha5/4f3163d95c96b7be69d9e5245573834fd130a4bb/logback-core-1.3.0-alpha5.jar:/Users/MacAir/.gradle/caches/modules-2/files-2.1/org.asynchttpclient/async-http-client/2.12.1/9b1b2a8f5e836c68501a259baa6c6c3e8a7cb420/async-http-client-2.12.1.jar:/Users/MacAir/.gradle/caches/modules-2/files-2.1/org.asynchttpclient/async-http-client-netty-utils/2.12.1/b7f586db0b554e2aaba9acd321a2e1d70efcf3db/async-http-client-netty-utils-2.12.1.jar:/Users/MacAir/.gradle/caches/modules-2/files-2.1/org.slf4j/slf4j-api/2.0.0-alpha1/e979781e847d44d3618c4479d438956593b6b080/slf4j-api-2.0.0-alpha1.jar:/Users/MacAir/.gradle/caches/modules-2/files-2.1/com.sun.mail/javax.mail/1.6.2/935151eb71beff17a2ffac15dd80184a99a0514f/javax.mail-1.6.2.jar:/Users/MacAir/.gradle/caches/modules-2/files-2.1/edu.washington.cs.types.checker/checker-framework/1.7.0/f652eb570f82dea2f7718c23f81b759c0c8e5ccf/checker-framework-1.7.0.jar:/Users/MacAir/.gradle/caches/modules-2/files-2.1/com.google.protobuf/protobuf-java/3.11.4/7ec0925cc3aef0335bbc7d57edfd42b0f86f8267/protobuf-java-3.11.4.jar:/Users/MacAir/.gradle/caches/modules-2/files-2.1/org.hibernate.orm/hibernate-core/6.0.0.Alpha6/e943a283acb41b21dbbbee2bd4ff9041aa2981b5/hibernate-core-6.0.0.Alpha6.jar:/Users/MacAir/.gradle/caches/modules-2/files-2.1/org.apache.ant/ant-launcher/1.10.3/9dd5189e7f561ca19833b4e3672720b9bc5cb2fe/ant-launcher-1.10.3.jar:/Users/MacAir/.gradle/caches/modules-2/files-2.1/org.hamcrest/hamcrest-core/1.3/42a25dc3219429f0e5d060061f71acb49bf010a0/hamcrest-core-1.3.jar:/Users/MacAir/.gradle/caches/modules-2/files-2.1/javax.inject/javax.inject/1/6975da39a7040257bd51d21a231b76c915872d38/javax.inject-1.jar:/Users/MacAir/.gradle/caches/modules-2/files-2.1/aopalliance/aopalliance/1.0/235ba8b489512805ac13a8f9ea77a1ca5ebe3e8/aopalliance-1.0.jar:/Users/MacAir/.gradle/caches/modules-2/files-2.1/com.google.auto.service/auto-service/1.0-rc6/4586e4191111b24135ffac93d3e1a91e91bf71d3/auto-service-1.0-rc6.jar:/Users/MacAir/.gradle/caches/modules-2/files-2.1/io.opentelemetry/opentelemetry-sdk/0.4.0/11d62f65a90ef52eb40e020f0a87f20df496a305/opentelemetry-sdk-0.4.0.jar:/Users/MacAir/.gradle/caches/modules-2/files-2.1/com.google.auto/auto-common/0.10/c8f153ebe04a17183480ab4016098055fb474364/auto-common-0.10.jar:/Users/MacAir/.gradle/caches/modules-2/files-2.1/com.google.guava/guava/29.0-jre/801142b4c3d0f0770dd29abea50906cacfddd447/guava-29.0-jre.jar:/Users/MacAir/.gradle/caches/modules-2/files-2.1/com.google.auto.service/auto-service-annotations/1.0-rc6/32c6a6313217c949396376d9caddb6b8c8f4e7c3/auto-service-annotations-1.0-rc6.jar:/Users/MacAir/.gradle/caches/modules-2/files-2.1/com.squareup.okhttp3/okhttp/4.5.0/cfd127ae6de4862daa93e15ceae9291108eaabc5/okhttp-4.5.0.jar:/Users/MacAir/.gradle/caches/modules-2/files-2.1/com.squareup.okio/okio/2.6.0/f06923d428f3c8e6f571043ec29a45d0cd9d2bf/okio-jvm-2.6.0.jar:/Users/MacAir/.gradle/caches/modules-2/files-2.1/com.typesafe.netty/netty-reactive-streams/2.0.4/f77c8eaa7d5e2f2160b6d21ba385cf726f164b2/netty-reactive-streams-2.0.4.jar:/Users/MacAir/.gradle/caches/modules-2/files-2.1/io.opentelemetry/opentelemetry-api/0.4.0/93c8ab616a104f7bc0da4d7d6f17bd9a25f896e/opentelemetry-api-0.4.0.jar:/Users/MacAir/.gradle/caches/modules-2/files-2.1/io.opentelemetry/opentelemetry-context-prop/0.4.0/fd757a9c93864ad7c93081c4d0e56f491aadff22/opentelemetry-context-prop-0.4.0.jar:/Users/MacAir/.gradle/caches/modules-2/files-2.1/io.grpc/grpc-context/1.28.0/36d7838a68e29ad12a3cf67a4e04b621c617ce09/grpc-context-1.28.0.jar:/Users/MacAir/.gradle/caches/modules-2/files-2.1/io.projectreactor.netty/reactor-netty/0.9.6.RELEASE/b98b670a8dc1079b17ff5dd82cc78acac001999a/reactor-netty-0.9.6.RELEASE.jar:/Users/MacAir/.gradle/caches/modules-2/files-2.1/io.netty/netty-codec-http2/4.1.48.Final/f7a0e40d0eea9a60c05f705a128473f08a3de1dc/netty-codec-http2-4.1.48.Final.jar:/Users/MacAir/.gradle/caches/modules-2/files-2.1/io.netty/netty-handler-proxy/4.1.48.Final/79910203db6a542189c9aaa9ec187bf5ee16248a/netty-handler-proxy-4.1.48.Final.jar:/Users/MacAir/.gradle/caches/modules-2/files-2.1/io.netty/netty-codec-http/4.1.49.Final/4f30dbc462b26c588dffc0eb7552caef1a0f549e/netty-codec-http-4.1.49.Final.jar:/Users/MacAir/.gradle/caches/modules-2/files-2.1/io.netty/netty-transport-native-epoll/4.1.49.Final/a6055557f948034684884e7b3482b17b65e1c642/netty-transport-native-epoll-4.1.49.Final.jar:/Users/MacAir/.gradle/caches/modules-2/files-2.1/io.netty/netty-transport-native-epoll/4.1.49.Final/643179308a6e7304e7a527e2424b0cffa0b9d14/netty-transport-native-epoll-4.1.49.Final-linux-x86_64.jar:/Users/MacAir/.gradle/caches/modules-2/files-2.1/io.netty/netty-transport-native-kqueue/4.1.49.Final/be85a89f5895c7d7f75cd78daa4fda23fb20d622/netty-transport-native-kqueue-4.1.49.Final.jar:/Users/MacAir/.gradle/caches/modules-2/files-2.1/io.netty/netty-transport-native-kqueue/4.1.49.Final/d30588d8c45c091e0213d7a11418a9036d6b3499/netty-transport-native-kqueue-4.1.49.Final-osx-x86_64.jar:/Users/MacAir/.gradle/caches/modules-2/files-2.1/io.netty/netty-transport-native-unix-common/4.1.49.Final/a2a70601dd24dfdb533ac307955b55fa9f52aca1/netty-transport-native-unix-common-4.1.49.Final.jar:/Users/MacAir/.gradle/caches/modules-2/files-2.1/io.netty/netty-handler/4.1.49.Final/c73443adb9d085d5dc2d5b7f3bdd91d5963976f7/netty-handler-4.1.49.Final.jar:/Users/MacAir/.gradle/caches/modules-2/files-2.1/io.netty/netty-codec-socks/4.1.48.Final/42b55c9ca8672ebb7160cadf3c70ffc11638f021/netty-codec-socks-4.1.48.Final.jar:/Users/MacAir/.gradle/caches/modules-2/files-2.1/io.netty/netty-codec/4.1.49.Final/20218de83c906348283f548c255650fd06030424/netty-codec-4.1.49.Final.jar:/Users/MacAir/.gradle/caches/modules-2/files-2.1/io.netty/netty-transport/4.1.49.Final/415ea7f326635743aec952fe2349ca45959e94a7/netty-transport-4.1.49.Final.jar:/Users/MacAir/.gradle/caches/modules-2/files-2.1/io.netty/netty-buffer/4.1.49.Final/8e819a81bca88d1e88137336f64531a53db0a4ad/netty-buffer-4.1.49.Final.jar:/Users/MacAir/.gradle/caches/modules-2/files-2.1/io.projectreactor/reactor-core/3.3.5.RELEASE/3fe17d2b3c413c38f728049fd334ba9f69b416e1/reactor-core-3.3.5.RELEASE.jar:/Users/MacAir/.gradle/caches/modules-2/files-2.1/net.bytebuddy/byte-buddy/1.10.10/602a3da70f603752d3ce20a9997817d8dec39b51/byte-buddy-1.10.10.jar:/Users/MacAir/.gradle/caches/modules-2/files-2.1/org.apache.commons/commons-exec/1.3/8dfb9facd0830a27b1b5f29f84593f0aeee7773b/commons-exec-1.3.jar:/Users/MacAir/.gradle/caches/modules-2/files-2.1/javax.activation/activation/1.1/e6cb541461c2834bdea3eb920f1884d1eb508b50/activation-1.1.jar:/Users/MacAir/.gradle/caches/modules-2/files-2.1/org.hibernate.common/hibernate-commons-annotations/5.1.0.Final/700aeedc4a2089816621948f0379e17cbd17d5db/hibernate-commons-annotations-5.1.0.Final.jar:/Users/MacAir/.gradle/caches/modules-2/files-2.1/org.jboss.logging/jboss-logging/3.3.2.Final/3789d00e859632e6c6206adc0c71625559e6e3b0/jboss-logging-3.3.2.Final.jar:/Users/MacAir/.gradle/caches/modules-2/files-2.1/javax.persistence/javax.persistence-api/2.2/25665ac8c0b62f50e6488173233239120fc52c96/javax.persistence-api-2.2.jar:/Users/MacAir/.gradle/caches/modules-2/files-2.1/org.antlr/antlr4/4.8-1/14abdbb9d8c6c5ca06147c67a17ebedaa3dac121/antlr4-4.8-1.jar:/Users/MacAir/.gradle/caches/modules-2/files-2.1/org.jboss.spec.javax.transaction/jboss-transaction-api_1.2_spec/1.1.1.Final/a8485cab9484dda36e9a8c319e76b5cc18797b58/jboss-transaction-api_1.2_spec-1.1.1.Final.jar:/Users/MacAir/.gradle/caches/modules-2/files-2.1/org.jboss/jandex/2.1.3.Final/cd56603e39eb1421560b71daa584348ecfd9e0b8/jandex-2.1.3.Final.jar:/Users/MacAir/.gradle/caches/modules-2/files-2.1/com.fasterxml/classmate/1.5.1/3fe0bed568c62df5e89f4f174c101eab25345b6c/classmate-1.5.1.jar:/Users/MacAir/.gradle/caches/modules-2/files-2.1/org.glassfish.jaxb/jaxb-runtime/2.3.1/dd6dda9da676a54c5b36ca2806ff95ee017d8738/jaxb-runtime-2.3.1.jar:/Users/MacAir/.gradle/caches/modules-2/files-2.1/javax.xml.bind/jaxb-api/2.3.1/8531ad5ac454cc2deb9d4d32c40c4d7451939b5d/jaxb-api-2.3.1.jar:/Users/MacAir/.gradle/caches/modules-2/files-2.1/javax.activation/javax.activation-api/1.2.0/85262acf3ca9816f9537ca47d5adeabaead7cb16/javax.activation-api-1.2.0.jar:/Users/MacAir/.gradle/caches/modules-2/files-2.1/org.dom4j/dom4j/2.1.3/a75914155a9f5808963170ec20653668a2ffd2fd/dom4j-2.1.3.jar:/Users/MacAir/.gradle/caches/modules-2/files-2.1/com.google.guava/failureaccess/1.0.1/1dcf1de382a0bf95a3d8b0849546c88bac1292c9/failureaccess-1.0.1.jar:/Users/MacAir/.gradle/caches/modules-2/files-2.1/com.google.guava/listenablefuture/9999.0-empty-to-avoid-conflict-with-guava/b421526c5f297295adef1c886e5246c39d4ac629/listenablefuture-9999.0-empty-to-avoid-conflict-with-guava.jar:/Users/MacAir/.gradle/caches/modules-2/files-2.1/com.google.code.findbugs/jsr305/3.0.2/25ea2e8b0c338a877313bd4672d3fe056ea78f0d/jsr305-3.0.2.jar:/Users/MacAir/.gradle/caches/modules-2/files-2.1/org.checkerframework/checker-qual/2.11.1/8c43bf8f99b841d23aadda6044329dad9b63c185/checker-qual-2.11.1.jar:/Users/MacAir/.gradle/caches/modules-2/files-2.1/com.google.errorprone/error_prone_annotations/2.3.4/dac170e4594de319655ffb62f41cbd6dbb5e601e/error_prone_annotations-2.3.4.jar:/Users/MacAir/.gradle/caches/modules-2/files-2.1/com.google.j2objc/j2objc-annotations/1.3/ba035118bc8bac37d7eff77700720999acd9986d/j2objc-annotations-1.3.jar:/Users/MacAir/.gradle/caches/modules-2/files-2.1/org.jetbrains.kotlin/kotlin-stdlib/1.3.70/e5d97e25bb5b30dcfc022ec1c8f3959a875257fb/kotlin-stdlib-1.3.70.jar:/Users/MacAir/.gradle/caches/modules-2/files-2.1/org.jetbrains.kotlin/kotlin-stdlib-common/1.3.70/3fa8dd6c896d635e78201e5e811545f3846dec04/kotlin-stdlib-common-1.3.70.jar:/Users/MacAir/.gradle/caches/modules-2/files-2.1/org.reactivestreams/reactive-streams/1.0.3/d9fb7a7926ffa635b3dcaa5049fb2bfa25b3e7d0/reactive-streams-1.0.3.jar:/Users/MacAir/.gradle/caches/modules-2/files-2.1/io.netty/netty-resolver/4.1.49.Final/eb81e1f0eaa99e75983bf3d28cae2b103e0f3a34/netty-resolver-4.1.49.Final.jar:/Users/MacAir/.gradle/caches/modules-2/files-2.1/io.netty/netty-common/4.1.49.Final/927c8563a1662d869b145e70ce82ad89100f2c90/netty-common-4.1.49.Final.jar:/Users/MacAir/.gradle/caches/modules-2/files-2.1/com.sun.activation/javax.activation/1.2.0/bf744c1e2776ed1de3c55c8dac1057ec331ef744/javax.activation-1.2.0.jar:/Users/MacAir/.gradle/caches/modules-2/files-2.1/org.antlr/antlr4-runtime/4.8-1/2d0456a791f3a95916c8c23b3bea3a90eea24720/antlr4-runtime-4.8-1.jar:/Users/MacAir/.gradle/caches/modules-2/files-2.1/org.antlr/ST4/4.3/92f2c1ad8d84abcbeead6cf7f2c53a04166293c2/ST4-4.3.jar:/Users/MacAir/.gradle/caches/modules-2/files-2.1/org.antlr/antlr-runtime/3.5.2/cd9cd41361c155f3af0f653009dcecb08d8b4afd/antlr-runtime-3.5.2.jar:/Users/MacAir/.gradle/caches/modules-2/files-2.1/org.abego.treelayout/org.abego.treelayout.core/1.0.3/457216e8e6578099ae63667bb1e4439235892028/org.abego.treelayout.core-1.0.3.jar:/Users/MacAir/.gradle/caches/modules-2/files-2.1/org.glassfish/javax.json/1.0.4/3178f73569fd7a1e5ffc464e680f7a8cc784b85a/javax.json-1.0.4.jar:/Users/MacAir/.gradle/caches/modules-2/files-2.1/com.ibm.icu/icu4j/61.1/28d33b5e44e72edcc66a5da7a34a42147f38d987/icu4j-61.1.jar:/Users/MacAir/.gradle/caches/modules-2/files-2.1/org.glassfish.jaxb/txw2/2.3.1/a09d2c48d3285f206fafbffe0e50619284e92126/txw2-2.3.1.jar:/Users/MacAir/.gradle/caches/modules-2/files-2.1/com.sun.istack/istack-commons-runtime/3.0.7/c197c86ceec7318b1284bffb49b54226ca774003/istack-commons-runtime-3.0.7.jar:/Users/MacAir/.gradle/caches/modules-2/files-2.1/org.jvnet.staxex/stax-ex/1.8/8cc35f73da321c29973191f2cf143d29d26a1df7/stax-ex-1.8.jar:/Users/MacAir/.gradle/caches/modules-2/files-2.1/com.sun.xml.fastinfoset/FastInfoset/1.2.15/bb7b7ec0379982b97c62cd17465cb6d9155f68e8/FastInfoset-1.2.15.jar:/Users/MacAir/.gradle/caches/modules-2/files-2.1/org.jetbrains/annotations/13.0/919f0dfe192fb4e063e7dacadee7f8bb9a2672a9/annotations-13.0.jar, java.vm.vendor=Oracle Corporation, sun.arch.data.model=64, hbm2ddl.auto=validate, user.variant=, java.vendor.url=https://java.oracle.com/, user.timezone=Europe/Zaporozhye, java.vm.specification.version=15, os.name=Mac OS X, user.country=UA, sun.java.launcher=SUN_STANDARD, sun.boot.library.path=/Library/Java/JavaVirtualMachines/jdk-15.jdk/Contents/Home/lib, sun.java.command=worker.org.gradle.process.internal.worker.GradleWorkerMain 'Gradle Test Executor 22', http.nonProxyHosts=local|*.local|169.254/16|*.169.254/16, jdk.debug=release, sun.cpu.endian=little, user.home=/Users/MacAir, user.language=ru, java.specification.vendor=Oracle Corporation, org.gradle.native=false, hibernate.cache.provider_class=org.hibernate.cache.internal.NoCacheProvider, java.version.date=2020-09-15, java.home=/Library/Java/JavaVirtualMachines/jdk-15.jdk/Contents/Home, file.separator=/, java.vm.compressedOopsMode=Zero based, line.separator=
, java.vm.specification.vendor=Oracle Corporation, java.specification.name=Java Platform API Specification, cache.provider_class=org.hibernate.cache.internal.NoCacheProvider, hibernate.hbm2ddl.auto=validate, connection.password=, sun.management.compiler=HotSpot 64-Bit Tiered Compilers, ftp.nonProxyHosts=local|*.local|169.254/16|*.169.254/16, java.runtime.version=15+36-1562, user.name=MacAir, path.separator=:, hibernate.connection.username=****, os.version=10.15.6, java.runtime.name=Java(TM) SE Runtime Environment, hibernate.connection.url=jdbc:mysql://localhost/addressbook, connection.pool_size=1, file.encoding=UTF-8, java.vm.name=Java HotSpot(TM) 64-Bit Server VM, hibernate.show_sql=true, show_sql=true, hibernate.connection.driver_class=com.mysql.cj.jdbc.Driver, java.vendor.url.bug=https://bugreport.java.com/bugreport/, java.io.tmpdir=/var/folders/jv/kl2zvr9s1f7d7nxktb291kt00000gn/T/, java.version=15, user.dir=/Users/MacAir/Desktop/n/java_test/addressbook-web-tests, os.arch=x86_64, connection.username=root, java.vm.specification.name=Java Virtual Machine Specification, hibernate.connection.password=****, connection.driver_class=com.mysql.cj.jdbc.Driver, hibernate.boot.CfgXmlAccessService.key=org.hibernate.boot.cfgxml.spi.LoadedConfig@475aa83b, java.library.path=/Users/MacAir/Library/Java/Extensions:/Library/Java/Extensions:/Network/Library/Java/Extensions:/System/Library/Java/Extensions:/usr/lib/java:., java.vendor=Oracle Corporation, java.vm.info=mixed mode, sharing, java.vm.version=15+36-1562, hibernate.bytecode.use_reflection_optimizer=false, sun.io.unicode.encoding=UnicodeBig, hibernate.connection.pool_size=1, connection.url=jdbc:mysql://localhost/addressbook, socksNonProxyHosts=local|*.local|169.254/16|*.169.254/16, java.class.version=59.0}
14:16:45.204 [Test worker] DEBUG org.hibernate.secure.spi.JaccIntegrator - Skipping JACC integration as it was not enabled
14:16:45.206 [Test worker] DEBUG org.hibernate.internal.SessionFactoryImpl - Instantiated session factory
14:16:45.246 [Test worker] DEBUG org.hibernate.orm.query.plan.cache - Starting QueryPlanCache(2048)
14:16:45.369 [Test worker] DEBUG org.hibernate.query.sqm.function.SqmFunctionRegistry - Registered SqmFunctionTemplate [NamedSqmFunctionTemplate(max)] under max; prior registration was null
14:16:45.370 [Test worker] DEBUG org.hibernate.query.sqm.function.SqmFunctionRegistry - Registered SqmFunctionTemplate [NamedSqmFunctionTemplate(min)] under min; prior registration was null
14:16:45.370 [Test worker] DEBUG org.hibernate.query.sqm.function.SqmFunctionRegistry - Registered SqmFunctionTemplate [NamedSqmFunctionTemplate(sum)] under sum; prior registration was null
14:16:45.371 [Test worker] DEBUG org.hibernate.query.sqm.function.SqmFunctionRegistry - Registered SqmFunctionTemplate [NamedSqmFunctionTemplate(avg)] under avg; prior registration was null
14:16:45.372 [Test worker] DEBUG org.hibernate.query.sqm.function.SqmFunctionRegistry - Registered SqmFunctionTemplate [NamedSqmFunctionTemplate(count)] under count; prior registration was null
14:16:45.373 [Test worker] DEBUG org.hibernate.query.sqm.function.SqmFunctionRegistry - Registered SqmFunctionTemplate [NamedSqmFunctionTemplate(cube)] under cube; prior registration was null
14:16:45.373 [Test worker] DEBUG org.hibernate.query.sqm.function.SqmFunctionRegistry - Registered SqmFunctionTemplate [NamedSqmFunctionTemplate(rollup)] under rollup; prior registration was null
14:16:45.376 [Test worker] DEBUG org.hibernate.query.sqm.function.SqmFunctionRegistry - Registered SqmFunctionTemplate [org.hibernate.query.sqm.function.PatternBasedSqmFunctionDescriptor@6de7f58b] under every; prior registration was null
14:16:45.377 [Test worker] DEBUG org.hibernate.query.sqm.function.SqmFunctionRegistry - Registered SqmFunctionTemplate [org.hibernate.query.sqm.function.PatternBasedSqmFunctionDescriptor@2fb58112] under any; prior registration was null
14:16:45.377 [Test worker] DEBUG org.hibernate.query.sqm.function.SqmFunctionRegistry - Registered SqmFunctionTemplate [NamedSqmFunctionTemplate(round)] under round; prior registration was null
14:16:45.378 [Test worker] DEBUG org.hibernate.query.sqm.function.SqmFunctionRegistry - Registered SqmFunctionTemplate [NamedSqmFunctionTemplate(floor)] under floor; prior registration was null
14:16:45.378 [Test worker] DEBUG org.hibernate.query.sqm.function.SqmFunctionRegistry - Registered SqmFunctionTemplate [NamedSqmFunctionTemplate(ceiling)] under ceiling; prior registration was null
14:16:45.379 [Test worker] DEBUG org.hibernate.query.sqm.function.SqmFunctionRegistry - Registered SqmFunctionTemplate [NamedSqmFunctionTemplate(mod)] under mod; prior registration was null
14:16:45.379 [Test worker] DEBUG org.hibernate.query.sqm.function.SqmFunctionRegistry - Registered SqmFunctionTemplate [NamedSqmFunctionTemplate(abs)] under abs; prior registration was null
14:16:45.380 [Test worker] DEBUG org.hibernate.query.sqm.function.SqmFunctionRegistry - Registered SqmFunctionTemplate [NamedSqmFunctionTemplate(sign)] under sign; prior registration was null
14:16:45.381 [Test worker] DEBUG org.hibernate.query.sqm.function.SqmFunctionRegistry - Registered SqmFunctionTemplate [NamedSqmFunctionTemplate(sqrt)] under sqrt; prior registration was null
14:16:45.381 [Test worker] DEBUG org.hibernate.query.sqm.function.SqmFunctionRegistry - Registered SqmFunctionTemplate [NamedSqmFunctionTemplate(ln)] under ln; prior registration was null
14:16:45.382 [Test worker] DEBUG org.hibernate.query.sqm.function.SqmFunctionRegistry - Registered SqmFunctionTemplate [NamedSqmFunctionTemplate(exp)] under exp; prior registration was null
14:16:45.382 [Test worker] DEBUG org.hibernate.query.sqm.function.SqmFunctionRegistry - Registered SqmFunctionTemplate [NamedSqmFunctionTemplate(power)] under power; prior registration was null
14:16:45.384 [Test worker] DEBUG org.hibernate.query.sqm.function.SqmFunctionRegistry - Registered SqmFunctionTemplate [NamedSqmFunctionTemplate(sin)] under sin; prior registration was null
14:16:45.385 [Test worker] DEBUG org.hibernate.query.sqm.function.SqmFunctionRegistry - Registered SqmFunctionTemplate [NamedSqmFunctionTemplate(cos)] under cos; prior registration was null
14:16:45.386 [Test worker] DEBUG org.hibernate.query.sqm.function.SqmFunctionRegistry - Registered SqmFunctionTemplate [NamedSqmFunctionTemplate(tan)] under tan; prior registration was null
14:16:45.386 [Test worker] DEBUG org.hibernate.query.sqm.function.SqmFunctionRegistry - Registered SqmFunctionTemplate [NamedSqmFunctionTemplate(asin)] under asin; prior registration was null
14:16:45.387 [Test worker] DEBUG org.hibernate.query.sqm.function.SqmFunctionRegistry - Registered SqmFunctionTemplate [NamedSqmFunctionTemplate(acos)] under acos; prior registration was null
14:16:45.387 [Test worker] DEBUG org.hibernate.query.sqm.function.SqmFunctionRegistry - Registered SqmFunctionTemplate [NamedSqmFunctionTemplate(atan)] under atan; prior registration was null
14:16:45.388 [Test worker] DEBUG org.hibernate.query.sqm.function.SqmFunctionRegistry - Registered SqmFunctionTemplate [NamedSqmFunctionTemplate(atan2)] under atan2; prior registration was null
14:16:45.389 [Test worker] DEBUG org.hibernate.query.sqm.function.SqmFunctionRegistry - Registered SqmFunctionTemplate [NamedSqmFunctionTemplate(coalesce)] under coalesce; prior registration was null
14:16:45.389 [Test worker] DEBUG org.hibernate.query.sqm.function.SqmFunctionRegistry - Registered SqmFunctionTemplate [NamedSqmFunctionTemplate(nullif)] under nullif; prior registration was null
14:16:45.390 [Test worker] DEBUG org.hibernate.query.sqm.function.SqmFunctionRegistry - Registered SqmFunctionTemplate [NamedSqmFunctionTemplate(left)] under left; prior registration was null
14:16:45.390 [Test worker] DEBUG org.hibernate.query.sqm.function.SqmFunctionRegistry - Registered SqmFunctionTemplate [NamedSqmFunctionTemplate(right)] under right; prior registration was null
14:16:45.390 [Test worker] DEBUG org.hibernate.query.sqm.function.SqmFunctionRegistry - Registered SqmFunctionTemplate [NamedSqmFunctionTemplate(replace)] under replace; prior registration was null
14:16:45.391 [Test worker] DEBUG org.hibernate.query.sqm.function.SqmFunctionRegistry - Registered SqmFunctionTemplate [NamedSqmFunctionTemplate(concat)] under concat; prior registration was null
14:16:45.392 [Test worker] DEBUG org.hibernate.query.sqm.function.SqmFunctionRegistry - Registered SqmFunctionTemplate [NamedSqmFunctionTemplate(lower)] under lower; prior registration was null
14:16:45.392 [Test worker] DEBUG org.hibernate.query.sqm.function.SqmFunctionRegistry - Registered SqmFunctionTemplate [NamedSqmFunctionTemplate(upper)] under upper; prior registration was null
14:16:45.393 [Test worker] DEBUG org.hibernate.query.sqm.function.SqmFunctionRegistry - Registered SqmFunctionTemplate [NamedSqmFunctionTemplate(substring)] under substring; prior registration was null
14:16:45.394 [Test worker] DEBUG org.hibernate.query.sqm.function.SqmFunctionRegistry - Registered SqmFunctionTemplate [NamedSqmFunctionTemplate(locate)] under locate; prior registration was null
14:16:45.394 [Test worker] DEBUG org.hibernate.query.sqm.function.SqmFunctionRegistry - Registered SqmFunctionTemplate [NamedSqmFunctionTemplate(character_length)] under character_length; prior registration was null
14:16:45.395 [Test worker] DEBUG org.hibernate.query.sqm.function.SqmFunctionRegistry - Registering alternate key : length -> character_length
14:16:45.398 [Test worker] DEBUG org.hibernate.query.sqm.function.SqmFunctionRegistry - Registered SqmFunctionTemplate [org.hibernate.dialect.function.LocatePositionEmulation@42a48926] under position; prior registration was null
14:16:45.399 [Test worker] DEBUG org.hibernate.query.sqm.function.SqmFunctionRegistry - Registered SqmFunctionTemplate [org.hibernate.dialect.function.InsertSubstringOverlayEmulation@7e95e149] under overlay; prior registration was null
14:16:45.402 [Test worker] DEBUG org.hibernate.query.sqm.function.SqmFunctionRegistry - Registered SqmFunctionTemplate [org.hibernate.dialect.function.TrimFunction@27375636] under trim; prior registration was null
14:16:45.403 [Test worker] DEBUG org.hibernate.query.sqm.function.SqmFunctionRegistry - Registered SqmFunctionTemplate [org.hibernate.dialect.function.CastFunction@1f1a6f9e] under cast; prior registration was null
14:16:45.405 [Test worker] DEBUG org.hibernate.query.sqm.function.SqmFunctionRegistry - Registered SqmFunctionTemplate [org.hibernate.dialect.function.ExtractFunction@64a6a546] under extract; prior registration was null
14:16:45.406 [Test worker] DEBUG org.hibernate.query.sqm.function.SqmFunctionRegistry - Registered SqmFunctionTemplate [NamedSqmFunctionTemplate(least)] under least; prior registration was null
14:16:45.406 [Test worker] DEBUG org.hibernate.query.sqm.function.SqmFunctionRegistry - Registered SqmFunctionTemplate [NamedSqmFunctionTemplate(greatest)] under greatest; prior registration was null
14:16:45.407 [Test worker] DEBUG org.hibernate.query.sqm.function.SqmFunctionRegistry - Registered SqmFunctionTemplate [org.hibernate.dialect.function.CoalesceIfnullEmulation@2849fda4] under ifnull; prior registration was null
14:16:45.408 [Test worker] DEBUG org.hibernate.query.sqm.function.SqmFunctionRegistry - Registered SqmFunctionTemplate [NamedSqmFunctionTemplate(lpad)] under lpad; prior registration was null
14:16:45.408 [Test worker] DEBUG org.hibernate.query.sqm.function.SqmFunctionRegistry - Registered SqmFunctionTemplate [NamedSqmFunctionTemplate(rpad)] under rpad; prior registration was null
14:16:45.410 [Test worker] DEBUG org.hibernate.query.sqm.function.SqmFunctionRegistry - Registered SqmFunctionTemplate [org.hibernate.dialect.function.LpadRpadPadEmulation@13c0f6cb] under pad; prior registration was null
14:16:45.411 [Test worker] DEBUG org.hibernate.query.sqm.function.SqmFunctionRegistry - Registered SqmFunctionTemplate [org.hibernate.dialect.function.CastStrEmulation@52ef56ea] under str; prior registration was null
14:16:45.411 [Test worker] DEBUG org.hibernate.query.sqm.function.SqmFunctionRegistry - Registered SqmFunctionTemplate [NamedSqmFunctionTemplate(to_char)] under format; prior registration was null
14:16:45.412 [Test worker] DEBUG org.hibernate.query.sqm.function.SqmFunctionRegistry - Registered SqmFunctionTemplate [org.hibernate.dialect.function.TimestampaddFunction@113730c1] under timestampadd; prior registration was null
14:16:45.413 [Test worker] DEBUG org.hibernate.query.sqm.function.SqmFunctionRegistry - Registered SqmFunctionTemplate [org.hibernate.dialect.function.TimestampdiffFunction@2c3c2bcd] under timestampdiff; prior registration was null
14:16:45.414 [Test worker] DEBUG org.hibernate.query.sqm.function.SqmFunctionRegistry - Registering alternate key : dateadd -> timestampadd
14:16:45.415 [Test worker] DEBUG org.hibernate.query.sqm.function.SqmFunctionRegistry - Registering alternate key : datediff -> timestampdiff
14:16:45.416 [Test worker] DEBUG org.hibernate.query.sqm.function.SqmFunctionRegistry - Registered SqmFunctionTemplate [org.hibernate.dialect.function.CurrentFunction@78ae5d4d] under current_date; prior registration was null
14:16:45.416 [Test worker] DEBUG org.hibernate.query.sqm.function.SqmFunctionRegistry - Registered SqmFunctionTemplate [org.hibernate.dialect.function.CurrentFunction@7a9cf28] under current_time; prior registration was null
14:16:45.417 [Test worker] DEBUG org.hibernate.query.sqm.function.SqmFunctionRegistry - Registered SqmFunctionTemplate [org.hibernate.dialect.function.CurrentFunction@58b1e3d4] under current_timestamp; prior registration was null
14:16:45.417 [Test worker] DEBUG org.hibernate.query.sqm.function.SqmFunctionRegistry - Registering alternate key : current date -> current_date
14:16:45.417 [Test worker] DEBUG org.hibernate.query.sqm.function.SqmFunctionRegistry - Registering alternate key : current time -> current_time
14:16:45.418 [Test worker] DEBUG org.hibernate.query.sqm.function.SqmFunctionRegistry - Registering alternate key : current timestamp -> current_timestamp
14:16:45.418 [Test worker] DEBUG org.hibernate.query.sqm.function.SqmFunctionRegistry - Registered SqmFunctionTemplate [org.hibernate.dialect.function.CurrentFunction@665d58c3] under local_date; prior registration was null
14:16:45.418 [Test worker] DEBUG org.hibernate.query.sqm.function.SqmFunctionRegistry - Registered SqmFunctionTemplate [org.hibernate.dialect.function.CurrentFunction@6c932570] under local_time; prior registration was null
14:16:45.418 [Test worker] DEBUG org.hibernate.query.sqm.function.SqmFunctionRegistry - Registered SqmFunctionTemplate [org.hibernate.dialect.function.CurrentFunction@258a6745] under local_datetime; prior registration was null
14:16:45.419 [Test worker] DEBUG org.hibernate.query.sqm.function.SqmFunctionRegistry - Registered SqmFunctionTemplate [org.hibernate.dialect.function.CurrentFunction@72f28f63] under offset_datetime; prior registration was null
14:16:45.419 [Test worker] DEBUG org.hibernate.query.sqm.function.SqmFunctionRegistry - Registering alternate key : local date -> local_date
14:16:45.420 [Test worker] DEBUG org.hibernate.query.sqm.function.SqmFunctionRegistry - Registering alternate key : local time -> local_time
14:16:45.420 [Test worker] DEBUG org.hibernate.query.sqm.function.SqmFunctionRegistry - Registering alternate key : local datetime -> local_datetime
14:16:45.420 [Test worker] DEBUG org.hibernate.query.sqm.function.SqmFunctionRegistry - Registering alternate key : offset datetime -> offset_datetime
14:16:45.421 [Test worker] DEBUG org.hibernate.query.sqm.function.SqmFunctionRegistry - Registered SqmFunctionTemplate [org.hibernate.dialect.function.CurrentFunction@7ee54abe] under instant; prior registration was null
14:16:45.421 [Test worker] DEBUG org.hibernate.query.sqm.function.SqmFunctionRegistry - Registering alternate key : current_instant -> instant
14:16:45.422 [Test worker] DEBUG org.hibernate.query.sqm.function.SqmFunctionRegistry - Registered SqmFunctionTemplate [NamedSqmFunctionTemplate(soundex)] under soundex; prior registration was null
14:16:45.422 [Test worker] DEBUG org.hibernate.query.sqm.function.SqmFunctionRegistry - Registered SqmFunctionTemplate [NamedSqmFunctionTemplate(radians)] under radians; prior registration was null
14:16:45.423 [Test worker] DEBUG org.hibernate.query.sqm.function.SqmFunctionRegistry - Registered SqmFunctionTemplate [NamedSqmFunctionTemplate(degrees)] under degrees; prior registration was null
14:16:45.424 [Test worker] DEBUG org.hibernate.query.sqm.function.SqmFunctionRegistry - Registered SqmFunctionTemplate [NamedSqmFunctionTemplate(cot)] under cot; prior registration was null
14:16:45.424 [Test worker] DEBUG org.hibernate.query.sqm.function.SqmFunctionRegistry - Registered SqmFunctionTemplate [NamedSqmFunctionTemplate(log)] under log; prior registration was null
14:16:45.425 [Test worker] DEBUG org.hibernate.query.sqm.function.SqmFunctionRegistry - Registered SqmFunctionTemplate [NamedSqmFunctionTemplate(log2)] under log2; prior registration was null
14:16:45.425 [Test worker] DEBUG org.hibernate.query.sqm.function.SqmFunctionRegistry - Registered SqmFunctionTemplate [NamedSqmFunctionTemplate(log10)] under log10; prior registration was null
14:16:45.426 [Test worker] DEBUG org.hibernate.query.sqm.function.SqmFunctionRegistry - Registered SqmFunctionTemplate [NamedSqmFunctionTemplate(pi)] under pi; prior registration was null
14:16:45.426 [Test worker] DEBUG org.hibernate.query.sqm.function.SqmFunctionRegistry - Registered SqmFunctionTemplate [NamedSqmFunctionTemplate(ltrim)] under ltrim; prior registration was null
14:16:45.427 [Test worker] DEBUG org.hibernate.query.sqm.function.SqmFunctionRegistry - Registered SqmFunctionTemplate [NamedSqmFunctionTemplate(rtrim)] under rtrim; prior registration was null
14:16:45.428 [Test worker] DEBUG org.hibernate.query.sqm.function.SqmFunctionRegistry - Registered SqmFunctionTemplate [NamedSqmFunctionTemplate(octet_length)] under octet_length; prior registration was null
14:16:45.428 [Test worker] DEBUG org.hibernate.query.sqm.function.SqmFunctionRegistry - Registered SqmFunctionTemplate [NamedSqmFunctionTemplate(reverse)] under reverse; prior registration was null
14:16:45.429 [Test worker] DEBUG org.hibernate.query.sqm.function.SqmFunctionRegistry - Registered SqmFunctionTemplate [NamedSqmFunctionTemplate(space)] under space; prior registration was null
14:16:45.429 [Test worker] DEBUG org.hibernate.query.sqm.function.SqmFunctionRegistry - Registered SqmFunctionTemplate [NamedSqmFunctionTemplate(repeat)] under repeat; prior registration was null
14:16:45.430 [Test worker] DEBUG org.hibernate.query.sqm.function.SqmFunctionRegistry - Registered SqmFunctionTemplate [org.hibernate.query.sqm.function.MultipatternSqmFunctionDescriptor@4fe5bef5] under lpad; prior registration was NamedSqmFunctionTemplate(lpad)
14:16:45.431 [Test worker] DEBUG org.hibernate.query.sqm.function.SqmFunctionRegistry - Registered SqmFunctionTemplate [org.hibernate.query.sqm.function.MultipatternSqmFunctionDescriptor@641ba5e] under rpad; prior registration was NamedSqmFunctionTemplate(rpad)
14:16:45.432 [Test worker] DEBUG org.hibernate.query.sqm.function.SqmFunctionRegistry - Registered SqmFunctionTemplate [NamedSqmFunctionTemplate(md5)] under md5; prior registration was null
14:16:45.432 [Test worker] DEBUG org.hibernate.query.sqm.function.SqmFunctionRegistry - Registered SqmFunctionTemplate [NamedSqmFunctionTemplate(day)] under day; prior registration was null
14:16:45.433 [Test worker] DEBUG org.hibernate.query.sqm.function.SqmFunctionRegistry - Registered SqmFunctionTemplate [NamedSqmFunctionTemplate(month)] under month; prior registration was null
14:16:45.434 [Test worker] DEBUG org.hibernate.query.sqm.function.SqmFunctionRegistry - Registered SqmFunctionTemplate [NamedSqmFunctionTemplate(year)] under year; prior registration was null
14:16:45.435 [Test worker] DEBUG org.hibernate.query.sqm.function.SqmFunctionRegistry - Registered SqmFunctionTemplate [NamedSqmFunctionTemplate(hour)] under hour; prior registration was null
14:16:45.435 [Test worker] DEBUG org.hibernate.query.sqm.function.SqmFunctionRegistry - Registered SqmFunctionTemplate [NamedSqmFunctionTemplate(minute)] under minute; prior registration was null
14:16:45.436 [Test worker] DEBUG org.hibernate.query.sqm.function.SqmFunctionRegistry - Registered SqmFunctionTemplate [NamedSqmFunctionTemplate(second)] under second; prior registration was null
14:16:45.436 [Test worker] DEBUG org.hibernate.query.sqm.function.SqmFunctionRegistry - Registered SqmFunctionTemplate [NamedSqmFunctionTemplate(microsecond)] under microsecond; prior registration was null
[...]
14:16:45.437 [Test worker] DEBUG org.hibernate.query.sqm.function.SqmFunctionRegistry - Registering alternate key : day -> dayofmonth
14:16:45.438 [Test worker] DEBUG org.hibernate.query.sqm.function.SqmFunctionRegistry - Registered SqmFunctionTemplate [NamedSqmFunctionTemplate(dayofyear)] under dayofyear; prior registration was null
14:16:45.438 [Test worker] DEBUG org.hibernate.query.sqm.function.SqmFunctionRegistry - Registered SqmFunctionTemplate [NamedSqmFunctionTemplate(week)] under week; prior registration was null
14:16:45.439 [Test worker] DEBUG org.hibernate.query.sqm.function.SqmFunctionRegistry - Registered SqmFunctionTemplate [NamedSqmFunctionTemplate(quarter)] under quarter; prior registration was null
14:16:45.440 [Test worker] DEBUG org.hibernate.query.sqm.function.SqmFunctionRegistry - Registered SqmFunctionTemplate [NamedSqmFunctionTemplate(monthname)] under monthname; prior registration was null
14:16:45.441 [Test worker] DEBUG org.hibernate.query.sqm.function.SqmFunctionRegistry - Registered SqmFunctionTemplate [NamedSqmFunctionTemplate(dayname)] under dayname; prior registration was null
14:16:45.441 [Test worker] DEBUG org.hibernate.query.sqm.function.SqmFunctionRegistry - Registered SqmFunctionTemplate [NamedSqmFunctionTemplate(last_day)] under last_day; prior registration was null
14:16:45.442 [Test worker] DEBUG org.hibernate.query.sqm.function.SqmFunctionRegistry - Registered SqmFunctionTemplate [NamedSqmFunctionTemplate(date)] under date; prior registration was null
14:16:45.442 [Test worker] DEBUG org.hibernate.query.sqm.function.SqmFunctionRegistry - Registered SqmFunctionTemplate [NamedSqmFunctionTemplate(time)] under time; prior registration was null
14:16:45.442 [Test worker] DEBUG org.hibernate.query.sqm.function.SqmFunctionRegistry - Registered SqmFunctionTemplate [NamedSqmFunctionTemplate(timestamp)] under timestamp; prior registration was null
14:16:45.442 [Test worker] DEBUG org.hibernate.query.sqm.function.SqmFunctionRegistry - Registered SqmFunctionTemplate [NamedSqmFunctionTemplate(utc_date)] under utc_date; prior registration was null
14:16:45.442 [Test worker] DEBUG org.hibernate.query.sqm.function.SqmFunctionRegistry - Registered SqmFunctionTemplate [NamedSqmFunctionTemplate(utc_time)] under utc_time; prior registration was null
14:16:45.442 [Test worker] DEBUG org.hibernate.query.sqm.function.SqmFunctionRegistry - Registered SqmFunctionTemplate [NamedSqmFunctionTemplate(utc_timestamp)] under utc_timestamp; prior registration was null
14:16:45.444 [Test worker] DEBUG org.hibernate.query.sqm.function.SqmFunctionRegistry - Registered SqmFunctionTemplate [NamedSqmFunctionTemplate(rand)] under rand; prior registration was null
14:16:45.444 [Test worker] DEBUG org.hibernate.query.sqm.function.SqmFunctionRegistry - Registered SqmFunctionTemplate [NamedSqmFunctionTemplate(crc32)] under crc32; prior registration was null
14:16:45.445 [Test worker] DEBUG org.hibernate.query.sqm.function.SqmFunctionRegistry - Registered SqmFunctionTemplate [NamedSqmFunctionTemplate(sha1)] under sha1; prior registration was null
14:16:45.446 [Test worker] DEBUG org.hibernate.query.sqm.function.SqmFunctionRegistry - Registered SqmFunctionTemplate [NamedSqmFunctionTemplate(sha2)] under sha2; prior registration was null
14:16:45.446 [Test worker] DEBUG org.hibernate.query.sqm.function.SqmFunctionRegistry - Registered SqmFunctionTemplate [NamedSqmFunctionTemplate(sha)] under sha; prior registration was null
14:16:45.446 [Test worker] DEBUG org.hibernate.query.sqm.function.SqmFunctionRegistry - Registered SqmFunctionTemplate [NamedSqmFunctionTemplate(bit_length)] under bit_length; prior registration was null
14:16:45.447 [Test worker] DEBUG org.hibernate.query.sqm.function.SqmFunctionRegistry - Registered SqmFunctionTemplate [NamedSqmFunctionTemplate(octet_length)] under octet_length; prior registration was NamedSqmFunctionTemplate(octet_length)
14:16:45.447 [Test worker] DEBUG org.hibernate.query.sqm.function.SqmFunctionRegistry - Registered SqmFunctionTemplate [NamedSqmFunctionTemplate(ascii)] under ascii; prior registration was null
14:16:45.448 [Test worker] DEBUG org.hibernate.query.sqm.function.SqmFunctionRegistry - Registered SqmFunctionTemplate [NamedSqmFunctionTemplate(char)] under char; prior registration was null
14:16:45.448 [Test worker] DEBUG org.hibernate.query.sqm.function.SqmFunctionRegistry - Registering alternate key : chr -> char
14:16:45.449 [Test worker] DEBUG org.hibernate.query.sqm.function.SqmFunctionRegistry - Registered SqmFunctionTemplate [NamedSqmFunctionTemplate(instr)] under instr; prior registration was null
14:16:45.450 [Test worker] DEBUG org.hibernate.query.sqm.function.SqmFunctionRegistry - Registered SqmFunctionTemplate [NamedSqmFunctionTemplate(substr)] under substr; prior registration was null
14:16:45.451 [Test worker] DEBUG org.hibernate.query.sqm.function.SqmFunctionRegistry - Registered SqmFunctionTemplate [org.hibernate.query.sqm.function.PatternBasedSqmFunctionDescriptor@e910428] under position; prior registration was org.hibernate.dialect.function.LocatePositionEmulation@42a48926
14:16:45.451 [Test worker] DEBUG org.hibernate.query.sqm.function.SqmFunctionRegistry - Registered SqmFunctionTemplate [NamedSqmFunctionTemplate(curtime)] under curtime; prior registration was null
14:16:45.452 [Test worker] DEBUG org.hibernate.query.sqm.function.SqmFunctionRegistry - Registered SqmFunctionTemplate [NamedSqmFunctionTemplate(curdate)] under curdate; prior registration was null
14:16:45.452 [Test worker] DEBUG org.hibernate.query.sqm.function.SqmFunctionRegistry - Registered SqmFunctionTemplate [NamedSqmFunctionTemplate(now)] under now; prior registration was null
14:16:45.452 [Test worker] DEBUG org.hibernate.query.sqm.function.SqmFunctionRegistry - Registered SqmFunctionTemplate [NamedSqmFunctionTemplate(truncate)] under truncate; prior registration was null
14:16:45.453 [Test worker] DEBUG org.hibernate.query.sqm.function.SqmFunctionRegistry - Registered SqmFunctionTemplate [NamedSqmFunctionTemplate(insert)] under insert; prior registration was null
14:16:45.453 [Test worker] DEBUG org.hibernate.query.sqm.function.SqmFunctionRegistry - Registered SqmFunctionTemplate [org.hibernate.query.sqm.function.PatternBasedSqmFunctionDescriptor@183a8754] under bitand; prior registration was null
14:16:45.453 [Test worker] DEBUG org.hibernate.query.sqm.function.SqmFunctionRegistry - Registered SqmFunctionTemplate [org.hibernate.query.sqm.function.PatternBasedSqmFunctionDescriptor@7a4a80b0] under bitor; prior registration was null
14:16:45.453 [Test worker] DEBUG org.hibernate.query.sqm.function.SqmFunctionRegistry - Registered SqmFunctionTemplate [org.hibernate.query.sqm.function.PatternBasedSqmFunctionDescriptor@71d256ed] under bitxor; prior registration was null
14:16:45.455 [Test worker] DEBUG org.hibernate.query.sqm.function.SqmFunctionRegistry - Registered SqmFunctionTemplate [org.hibernate.query.sqm.function.PatternBasedSqmFunctionDescriptor@77e4acbb] under bitnot; prior registration was null
14:16:45.455 [Test worker] DEBUG org.hibernate.query.sqm.function.SqmFunctionRegistry - Registered SqmFunctionTemplate [NamedSqmFunctionTemplate(bit_and)] under bit_and; prior registration was null
14:16:45.455 [Test worker] DEBUG org.hibernate.query.sqm.function.SqmFunctionRegistry - Registered SqmFunctionTemplate [NamedSqmFunctionTemplate(bit_or)] under bit_or; prior registration was null
14:16:45.456 [Test worker] DEBUG org.hibernate.query.sqm.function.SqmFunctionRegistry - Registered SqmFunctionTemplate [NamedSqmFunctionTemplate(stddev)] under stddev; prior registration was null
14:16:45.456 [Test worker] DEBUG org.hibernate.query.sqm.function.SqmFunctionRegistry - Registered SqmFunctionTemplate [NamedSqmFunctionTemplate(stddev_pop)] under stddev_pop; prior registration was null
14:16:45.457 [Test worker] DEBUG org.hibernate.query.sqm.function.SqmFunctionRegistry - Registered SqmFunctionTemplate [NamedSqmFunctionTemplate(stddev_samp)] under stddev_samp; prior registration was null
14:16:45.457 [Test worker] DEBUG org.hibernate.query.sqm.function.SqmFunctionRegistry - Registered SqmFunctionTemplate [NamedSqmFunctionTemplate(variance)] under variance; prior registration was null
14:16:45.458 [Test worker] DEBUG org.hibernate.query.sqm.function.SqmFunctionRegistry - Registered SqmFunctionTemplate [NamedSqmFunctionTemplate(var_pop)] under var_pop; prior registration was null
14:16:45.458 [Test worker] DEBUG org.hibernate.query.sqm.function.SqmFunctionRegistry - Registered SqmFunctionTemplate [NamedSqmFunctionTemplate(var_samp)] under var_samp; prior registration was null
14:16:45.458 [Test worker] DEBUG org.hibernate.query.sqm.function.SqmFunctionRegistry - Registered SqmFunctionTemplate [NamedSqmFunctionTemplate(datediff)] under datediff; prior registration was null
14:16:45.459 [Test worker] DEBUG org.hibernate.query.sqm.function.SqmFunctionRegistry - Registered SqmFunctionTemplate [NamedSqmFunctionTemplate(adddate)] under adddate; prior registration was null
14:16:45.459 [Test worker] DEBUG org.hibernate.query.sqm.function.SqmFunctionRegistry - Registered SqmFunctionTemplate [NamedSqmFunctionTemplate(subdate)] under subdate; prior registration was null
14:16:45.460 [Test worker] DEBUG org.hibernate.query.sqm.function.SqmFunctionRegistry - Registered SqmFunctionTemplate [NamedSqmFunctionTemplate(addtime)] under addtime; prior registration was null
14:16:45.460 [Test worker] DEBUG org.hibernate.query.sqm.function.SqmFunctionRegistry - Registered SqmFunctionTemplate [NamedSqmFunctionTemplate(subtime)] under subtime; prior registration was null
14:16:45.461 [Test worker] DEBUG org.hibernate.query.sqm.function.SqmFunctionRegistry - Registered SqmFunctionTemplate [NamedSqmFunctionTemplate(date_format)] under format; prior registration was NamedSqmFunctionTemplate(to_char)
14:16:45.461 [Test worker] DEBUG org.hibernate.query.sqm.function.SqmFunctionRegistry - Registered SqmFunctionTemplate [NamedSqmFunctionTemplate(makedate)] under makedate; prior registration was null
14:16:45.461 [Test worker] DEBUG org.hibernate.query.sqm.function.SqmFunctionRegistry - Registered SqmFunctionTemplate [NamedSqmFunctionTemplate(maketime)] under maketime; prior registration was null
14:16:45.461 [Test worker] DEBUG org.hibernate.query.sqm.function.SqmFunctionRegistry - Registered SqmFunctionTemplate [NamedSqmFunctionTemplate(sysdate)] under sysdate; prior registration was null
14:16:45.471 [Test worker] DEBUG org.hibernate.type.spi.TypeConfiguration$Scope - Scoping TypeConfiguration [org.hibernate.type.spi.TypeConfiguration@43f77bbd] to SessionFactoryImplementor [org.hibernate.internal.SessionFactoryImpl@40d69ee3]
14:16:45.602 [Test worker] DEBUG org.hibernate.boot.internal.ClassLoaderAccessImpl - Not known whether passed class name [ru.stqa.pft.addressbook.model.GroupData] is safe
14:16:45.603 [Test worker] DEBUG org.hibernate.boot.internal.ClassLoaderAccessImpl - No temp ClassLoader provided; using live ClassLoader for loading potentially unsafe class : ru.stqa.pft.addressbook.model.GroupData
14:16:45.639 [Test worker] DEBUG org.hibernate.boot.internal.ClassLoaderAccessImpl - Not known whether passed class name [ru.stqa.pft.addressbook.model.GroupData] is safe
14:16:45.640 [Test worker] DEBUG org.hibernate.boot.internal.ClassLoaderAccessImpl - No temp ClassLoader provided; using live ClassLoader for loading potentially unsafe class : ru.stqa.pft.addressbook.model.GroupData
14:16:46.186 [Test worker] DEBUG org.hibernate.orm.model.mapping.creation - Starting generic post-init callbacks
14:16:46.188 [Test worker] DEBUG org.hibernate.orm.model.mapping.creation - Starting foreign-key post-init callbacks
14:16:46.196 [Test worker] DEBUG org.hibernate.persister.entity.AbstractEntityPersister - Static SQL for entity: ru.stqa.pft.addressbook.model.GroupData
14:16:46.196 [Test worker] DEBUG org.hibernate.persister.entity.AbstractEntityPersister -  Version select: select group_id from group_list where group_id =?
14:16:46.197 [Test worker] DEBUG org.hibernate.persister.entity.AbstractEntityPersister -  Snapshot select: select groupdata_.group_id, groupdata_.group_footer as group_fo2_0_, groupdata_.group_header as group_he3_0_, groupdata_.group_name as group_na4_0_ from group_list groupdata_ where groupdata_.group_id=?
14:16:46.197 [Test worker] DEBUG org.hibernate.persister.entity.AbstractEntityPersister -  Insert 0: insert into group_list (group_footer, group_header, group_name, group_id) values (?, ?, ?, ?)
14:16:46.198 [Test worker] DEBUG org.hibernate.persister.entity.AbstractEntityPersister -  Update 0: update group_list set group_footer=?, group_header=?, group_name=? where group_id=?
14:16:46.199 [Test worker] DEBUG org.hibernate.persister.entity.AbstractEntityPersister -  Delete 0: delete from group_list where group_id=?
14:16:46.227 [Test worker] DEBUG org.hibernate.orm.sql.ast.create - Created new SQL alias : g1_0
14:16:46.318 [Test worker] DEBUG org.hibernate.query.named.NamedQueryRepository - Checking 0 named HQL queries
14:16:46.318 [Test worker] DEBUG org.hibernate.query.named.NamedQueryRepository - Checking 0 named SQL queries
14:16:46.318 [Test worker] DEBUG org.hibernate.query.named.NamedQueryRepository - Checking 0 named HQL queries
14:16:46.319 [Test worker] DEBUG org.hibernate.query.named.NamedQueryRepository - Checking 0 named SQL queries
14:16:46.352 [Test worker] INFO org.hibernate.orm.connections.access - HHH10001501: Connection obtained from JdbcConnectionAccess [org.hibernate.engine.jdbc.env.internal.JdbcEnvironmentInitiator$ConnectionProviderJdbcConnectionAccess@10507e8a] for (non-JTA) DDL execution was not in auto-commit mode; the Connection 'local transaction' will be committed and the Connection will be set into auto-commit mode.
14:16:46.411 [Test worker] DEBUG org.hibernate.engine.transaction.jta.platform.internal.JtaPlatformInitiator - No JtaPlatform was specified, checking resolver
14:16:46.413 [Test worker] DEBUG org.hibernate.engine.transaction.jta.platform.internal.JtaPlatformResolverInitiator - No JtaPlatformResolver was specified, using default [org.hibernate.engine.transaction.jta.platform.internal.StandardJtaPlatformResolver]
14:16:46.426 [Test worker] DEBUG org.hibernate.engine.transaction.jta.platform.internal.StandardJtaPlatformResolver - Could not resolve JtaPlatform, using default [org.hibernate.engine.transaction.jta.platform.internal.NoJtaPlatform]
14:16:46.426 [Test worker] INFO org.hibernate.engine.transaction.jta.platform.internal.JtaPlatformInitiator - HHH000490: Using JtaPlatform implementation: [org.hibernate.engine.transaction.jta.platform.internal.NoJtaPlatform]
14:16:46.435 [Test worker] DEBUG org.hibernate.service.internal.SessionFactoryServiceRegistryImpl - EventListenerRegistry access via ServiceRegistry is deprecated.  Use `sessionFactory.getEventEngine().getListenerRegistry()` instead
14:16:46.447 [Test worker] DEBUG org.hibernate.internal.SessionFactoryRegistry - Initializing SessionFactoryRegistry : org.hibernate.internal.SessionFactoryRegistry@2e12dc30
14:16:46.452 [Test worker] DEBUG org.hibernate.internal.SessionFactoryRegistry - Registering SessionFactory: e63c5fd5-4015-4364-a8ed-988f2f665a4e (<unnamed>)
14:16:46.452 [Test worker] DEBUG org.hibernate.internal.SessionFactoryRegistry - Not binding SessionFactory to JNDI, no JNDI name configured
14:16:46.541 [Test worker] DEBUG org.hibernate.stat.internal.StatisticsInitiator - Statistics initialized [enabled=false]
14:16:46.557 [Test worker] DEBUG org.hibernate.engine.transaction.internal.TransactionImpl - On TransactionImpl creation, JpaCompliance#isJpaTransactionComplianceEnabled == false
14:16:46.557 [Test worker] DEBUG org.hibernate.engine.transaction.internal.TransactionImpl - begin
14:16:46.578 [Test worker] DEBUG org.hibernate.orm.query.plan.cache - Creating and caching HqlInterpretation - from GroupData
14:16:46.580 [Test worker] DEBUG org.hibernate.orm.query.hql - HQL : from GroupData
14:16:46.934 [Test worker] DEBUG org.hibernate.query.hql.internal.SemanticQueryBuilder - Handling root path - GroupData
14:16:46.942 [Test worker] DEBUG org.hibernate.query.hql.internal.SemanticQueryBuilder - Encountered implicit select clause : fromGroupData
14:16:46.954 [Test worker] DEBUG org.hibernate.orm.query.sqm.ast - SqmStatement Tree :
    -> [select]
      -> [query-spec]
        -> [select]
          -> [selection]
            -> [root] - `ru.stqa.pft.addressbook.model.GroupData`
            <- [root] - `ru.stqa.pft.addressbook.model.GroupData`
          <- [selection]
        <- [select]
        -> [from]
          -> [root] - `ru.stqa.pft.addressbook.model.GroupData`
          <- [root] - `ru.stqa.pft.addressbook.model.GroupData`
        <- [from]
      <- [query-spec]
    <- [select]

14:16:46.992 [Test worker] DEBUG org.hibernate.orm.sql.ast.create - Created new SQL alias : g1_0
14:16:47.010 [Test worker] DEBUG org.hibernate.orm.sql.results.graph.AST - DomainResult Graph:
 \-EntityResultImpl [ru.stqa.pft.addressbook.model.GroupData]
 |  +-BasicFetch [ru.stqa.pft.addressbook.model.GroupData.footer]
 |  +-BasicFetch [ru.stqa.pft.addressbook.model.GroupData.header]
 |  \-BasicFetch [ru.stqa.pft.addressbook.model.GroupData.name]

14:16:47.016 [Test worker] DEBUG org.hibernate.orm.sql.ast.tree - SQL AST Tree:
    SelectStatement {
      FromClause {
        StandardTableGroup (g1 : ru.stqa.pft.addressbook.model.GroupData) {
          primaryTableReference : group_list as g1_0
        }
      }
    }

14:16:47.036 [Test worker] DEBUG org.hibernate.orm.sql.exec - Skipping reading Query result cache data: cache-enabled = false, cache-mode = NORMAL
14:16:47.054 [Test worker] DEBUG org.hibernate.orm.sql.results - Registering initializer : EntityResultInitializer(ru.stqa.pft.addressbook.model.GroupData)
14:16:47.066 [Test worker] DEBUG org.hibernate.SQL - select g1_0.group_id, g1_0.group_footer, g1_0.group_header, g1_0.group_name from group_list as g1_0
Hibernate: select g1_0.group_id, g1_0.group_footer, g1_0.group_header, g1_0.group_name from group_list as g1_0
14:16:47.090 [Test worker] DEBUG org.hibernate.orm.sql.results - Extracted JDBC value [0] - [59]
14:16:47.090 [Test worker] DEBUG org.hibernate.orm.sql.results.loading.entity - (EntityResultInitializer) Hydrated EntityKey (ru.stqa.pft.addressbook.model.GroupData): 59
14:16:47.102 [Test worker] DEBUG org.hibernate.orm.sql.results.loading.entity - (EntityResultInitializer) Created new entity instance [ru.stqa.pft.addressbook.model.GroupData#59] : GroupData{id='59', name='null'}
14:16:47.102 [Test worker] DEBUG org.hibernate.service.internal.SessionFactoryServiceRegistryImpl - EventListenerRegistry access via ServiceRegistry is deprecated.  Use `sessionFactory.getEventEngine().getListenerRegistry()` instead
14:16:47.104 [Test worker] DEBUG org.hibernate.orm.sql.results - Extracted JDBC value [1] - [footer1]
14:16:47.104 [Test worker] DEBUG org.hibernate.orm.sql.results - Extracted JDBC value [2] - [header1]
14:16:47.104 [Test worker] DEBUG org.hibernate.orm.sql.results - Extracted JDBC value [3] - [name1]
14:16:47.117 [Test worker] DEBUG org.hibernate.orm.sql.ast.create - Created new SQL alias : g1_0
14:16:47.118 [Test worker] DEBUG org.hibernate.orm.sql.results.loading.entity - (EntityResultInitializer) Done materializing entityInstance : ru.stqa.pft.addressbook.model.GroupData#59
14:16:47.118 [Test worker] DEBUG org.hibernate.service.internal.SessionFactoryServiceRegistryImpl - EventListenerRegistry access via ServiceRegistry is deprecated.  Use `sessionFactory.getEventEngine().getListenerRegistry()` instead
14:16:47.119 [Test worker] DEBUG org.hibernate.resource.jdbc.internal.ResourceRegistryStandardImpl - HHH000387: ResultSet's statement was not registered
]]></system-out>
  <system-err><![CDATA[]]></system-err>
</testsuite>
